Symlinking /home/cristian/tiago_dual_public_ws/devel/share/roseus/ros/teleop_tools_msgs/manifest.l
Symlinking /home/cristian/tiago_dual_public_ws/devel/share/roseus/ros/teleop_tools_msgs/msg/IncrementGoal.l
Symlinking /home/cristian/tiago_dual_public_ws/devel/share/roseus/ros/teleop_tools_msgs/msg/IncrementActionGoal.l
Symlinking /home/cristian/tiago_dual_public_ws/devel/share/roseus/ros/teleop_tools_msgs/msg/IncrementActionResult.l
Symlinking /home/cristian/tiago_dual_public_ws/devel/share/roseus/ros/teleop_tools_msgs/msg/IncrementAction.l
Symlinking /home/cristian/tiago_dual_public_ws/devel/share/roseus/ros/teleop_tools_msgs/msg/IncrementFeedback.l
Symlinking /home/cristian/tiago_dual_public_ws/devel/share/roseus/ros/teleop_tools_msgs/msg/IncrementResult.l
Symlinking /home/cristian/tiago_dual_public_ws/devel/share/roseus/ros/teleop_tools_msgs/msg/IncrementActionFeedback.l
Symlinking /home/cristian/tiago_dual_public_ws/devel/share/teleop_tools_msgs/msg/IncrementActionFeedback.msg
Symlinking /home/cristian/tiago_dual_public_ws/devel/share/teleop_tools_msgs/msg/IncrementResult.msg
Symlinking /home/cristian/tiago_dual_public_ws/devel/share/teleop_tools_msgs/msg/IncrementActionGoal.msg
Symlinking /home/cristian/tiago_dual_public_ws/devel/share/teleop_tools_msgs/msg/IncrementAction.msg
Symlinking /home/cristian/tiago_dual_public_ws/devel/share/teleop_tools_msgs/msg/IncrementFeedback.msg
Symlinking /home/cristian/tiago_dual_public_ws/devel/share/teleop_tools_msgs/msg/IncrementActionResult.msg
Symlinking /home/cristian/tiago_dual_public_ws/devel/share/teleop_tools_msgs/msg/IncrementGoal.msg
Symlinking /home/cristian/tiago_dual_public_ws/devel/share/teleop_tools_msgs/cmake/teleop_tools_msgsConfig.cmake
Symlinking /home/cristian/tiago_dual_public_ws/devel/share/teleop_tools_msgs/cmake/teleop_tools_msgsConfig-version.cmake
Symlinking /home/cristian/tiago_dual_public_ws/devel/share/teleop_tools_msgs/cmake/teleop_tools_msgs-msg-extras.cmake
Symlinking /home/cristian/tiago_dual_public_ws/devel/share/teleop_tools_msgs/cmake/teleop_tools_msgs-msg-paths.cmake
Symlinking /home/cristian/tiago_dual_public_ws/devel/share/common-lisp/ros/teleop_tools_msgs/msg/_package_IncrementAction.lisp
Symlinking /home/cristian/tiago_dual_public_ws/devel/share/common-lisp/ros/teleop_tools_msgs/msg/_package_IncrementResult.lisp
Symlinking /home/cristian/tiago_dual_public_ws/devel/share/common-lisp/ros/teleop_tools_msgs/msg/IncrementAction.lisp
Symlinking /home/cristian/tiago_dual_public_ws/devel/share/common-lisp/ros/teleop_tools_msgs/msg/IncrementFeedback.lisp
Symlinking /home/cristian/tiago_dual_public_ws/devel/share/common-lisp/ros/teleop_tools_msgs/msg/IncrementActionGoal.lisp
Symlinking /home/cristian/tiago_dual_public_ws/devel/share/common-lisp/ros/teleop_tools_msgs/msg/IncrementActionFeedback.lisp
Symlinking /home/cristian/tiago_dual_public_ws/devel/share/common-lisp/ros/teleop_tools_msgs/msg/IncrementActionResult.lisp
Symlinking /home/cristian/tiago_dual_public_ws/devel/share/common-lisp/ros/teleop_tools_msgs/msg/_package_IncrementGoal.lisp
Symlinking /home/cristian/tiago_dual_public_ws/devel/share/common-lisp/ros/teleop_tools_msgs/msg/IncrementResult.lisp
Symlinking /home/cristian/tiago_dual_public_ws/devel/share/common-lisp/ros/teleop_tools_msgs/msg/teleop_tools_msgs-msg.asd
Symlinking /home/cristian/tiago_dual_public_ws/devel/share/common-lisp/ros/teleop_tools_msgs/msg/_package_IncrementFeedback.lisp
Symlinking /home/cristian/tiago_dual_public_ws/devel/share/common-lisp/ros/teleop_tools_msgs/msg/_package_IncrementActionResult.lisp
Symlinking /home/cristian/tiago_dual_public_ws/devel/share/common-lisp/ros/teleop_tools_msgs/msg/_package_IncrementActionFeedback.lisp
Symlinking /home/cristian/tiago_dual_public_ws/devel/share/common-lisp/ros/teleop_tools_msgs/msg/IncrementGoal.lisp
Symlinking /home/cristian/tiago_dual_public_ws/devel/share/common-lisp/ros/teleop_tools_msgs/msg/_package_IncrementActionGoal.lisp
Symlinking /home/cristian/tiago_dual_public_ws/devel/share/common-lisp/ros/teleop_tools_msgs/msg/_package.lisp
Symlinking /home/cristian/tiago_dual_public_ws/devel/share/gennodejs/ros/teleop_tools_msgs/_index.js
Symlinking /home/cristian/tiago_dual_public_ws/devel/share/gennodejs/ros/teleop_tools_msgs/msg/IncrementFeedback.js
Symlinking /home/cristian/tiago_dual_public_ws/devel/share/gennodejs/ros/teleop_tools_msgs/msg/IncrementActionGoal.js
Symlinking /home/cristian/tiago_dual_public_ws/devel/share/gennodejs/ros/teleop_tools_msgs/msg/IncrementAction.js
Symlinking /home/cristian/tiago_dual_public_ws/devel/share/gennodejs/ros/teleop_tools_msgs/msg/IncrementActionResult.js
Symlinking /home/cristian/tiago_dual_public_ws/devel/share/gennodejs/ros/teleop_tools_msgs/msg/IncrementGoal.js
Symlinking /home/cristian/tiago_dual_public_ws/devel/share/gennodejs/ros/teleop_tools_msgs/msg/IncrementActionFeedback.js
Symlinking /home/cristian/tiago_dual_public_ws/devel/share/gennodejs/ros/teleop_tools_msgs/msg/IncrementResult.js
Symlinking /home/cristian/tiago_dual_public_ws/devel/share/gennodejs/ros/teleop_tools_msgs/msg/_index.js
Symlinking /home/cristian/tiago_dual_public_ws/devel/include/teleop_tools_msgs/IncrementActionFeedback.h
Symlinking /home/cristian/tiago_dual_public_ws/devel/include/teleop_tools_msgs/IncrementResult.h
Symlinking /home/cristian/tiago_dual_public_ws/devel/include/teleop_tools_msgs/IncrementGoal.h
Symlinking /home/cristian/tiago_dual_public_ws/devel/include/teleop_tools_msgs/IncrementActionGoal.h
Symlinking /home/cristian/tiago_dual_public_ws/devel/include/teleop_tools_msgs/IncrementFeedback.h
Symlinking /home/cristian/tiago_dual_public_ws/devel/include/teleop_tools_msgs/IncrementActionResult.h
Symlinking /home/cristian/tiago_dual_public_ws/devel/include/teleop_tools_msgs/IncrementAction.h
Symlinking /home/cristian/tiago_dual_public_ws/devel/lib/pkgconfig/teleop_tools_msgs.pc
Symlinking /home/cristian/tiago_dual_public_ws/devel/lib/python2.7/dist-packages/teleop_tools_msgs/__init__.py
Symlinking /home/cristian/tiago_dual_public_ws/devel/lib/python2.7/dist-packages/teleop_tools_msgs/msg/_IncrementGoal.py
Symlinking /home/cristian/tiago_dual_public_ws/devel/lib/python2.7/dist-packages/teleop_tools_msgs/msg/_IncrementFeedback.py
Symlinking /home/cristian/tiago_dual_public_ws/devel/lib/python2.7/dist-packages/teleop_tools_msgs/msg/_IncrementResult.py
Symlinking /home/cristian/tiago_dual_public_ws/devel/lib/python2.7/dist-packages/teleop_tools_msgs/msg/_IncrementAction.py
Symlinking /home/cristian/tiago_dual_public_ws/devel/lib/python2.7/dist-packages/teleop_tools_msgs/msg/_IncrementActionResult.py
Symlinking /home/cristian/tiago_dual_public_ws/devel/lib/python2.7/dist-packages/teleop_tools_msgs/msg/__init__.py
Symlinking /home/cristian/tiago_dual_public_ws/devel/lib/python2.7/dist-packages/teleop_tools_msgs/msg/_IncrementActionGoal.py
Symlinking /home/cristian/tiago_dual_public_ws/devel/lib/python2.7/dist-packages/teleop_tools_msgs/msg/_IncrementActionFeedback.py
