Linked: (/home/cristian/tiago_dual_public_ws/devel/.private/pal_web_msgs/share/pal_web_msgs/msg/GetUserInputActionResult.msg, /home/cristian/tiago_dual_public_ws/devel/share/pal_web_msgs/msg/GetUserInputActionResult.msg)
Linked: (/home/cristian/tiago_dual_public_ws/devel/.private/pal_web_msgs/share/pal_web_msgs/msg/GetUserInputActionGoal.msg, /home/cristian/tiago_dual_public_ws/devel/share/pal_web_msgs/msg/GetUserInputActionGoal.msg)
Linked: (/home/cristian/tiago_dual_public_ws/devel/.private/pal_web_msgs/share/pal_web_msgs/msg/GetUserInputGoal.msg, /home/cristian/tiago_dual_public_ws/devel/share/pal_web_msgs/msg/GetUserInputGoal.msg)
Linked: (/home/cristian/tiago_dual_public_ws/devel/.private/pal_web_msgs/share/pal_web_msgs/msg/GetUserInputFeedback.msg, /home/cristian/tiago_dual_public_ws/devel/share/pal_web_msgs/msg/GetUserInputFeedback.msg)
Linked: (/home/cristian/tiago_dual_public_ws/devel/.private/pal_web_msgs/share/pal_web_msgs/msg/GetUserInputResult.msg, /home/cristian/tiago_dual_public_ws/devel/share/pal_web_msgs/msg/GetUserInputResult.msg)
Linked: (/home/cristian/tiago_dual_public_ws/devel/.private/pal_web_msgs/share/pal_web_msgs/msg/GetUserInputAction.msg, /home/cristian/tiago_dual_public_ws/devel/share/pal_web_msgs/msg/GetUserInputAction.msg)
Linked: (/home/cristian/tiago_dual_public_ws/devel/.private/pal_web_msgs/share/pal_web_msgs/msg/GetUserInputActionFeedback.msg, /home/cristian/tiago_dual_public_ws/devel/share/pal_web_msgs/msg/GetUserInputActionFeedback.msg)
Linked: (/home/cristian/tiago_dual_public_ws/devel/.private/pal_web_msgs/share/pal_web_msgs/cmake/pal_web_msgsConfig.cmake, /home/cristian/tiago_dual_public_ws/devel/share/pal_web_msgs/cmake/pal_web_msgsConfig.cmake)
Linked: (/home/cristian/tiago_dual_public_ws/devel/.private/pal_web_msgs/share/pal_web_msgs/cmake/pal_web_msgs-msg-paths.cmake, /home/cristian/tiago_dual_public_ws/devel/share/pal_web_msgs/cmake/pal_web_msgs-msg-paths.cmake)
Linked: (/home/cristian/tiago_dual_public_ws/devel/.private/pal_web_msgs/share/pal_web_msgs/cmake/pal_web_msgsConfig-version.cmake, /home/cristian/tiago_dual_public_ws/devel/share/pal_web_msgs/cmake/pal_web_msgsConfig-version.cmake)
Linked: (/home/cristian/tiago_dual_public_ws/devel/.private/pal_web_msgs/share/pal_web_msgs/cmake/pal_web_msgs-msg-extras.cmake, /home/cristian/tiago_dual_public_ws/devel/share/pal_web_msgs/cmake/pal_web_msgs-msg-extras.cmake)
Linked: (/home/cristian/tiago_dual_public_ws/devel/.private/pal_web_msgs/share/roseus/ros/pal_web_msgs/manifest.l, /home/cristian/tiago_dual_public_ws/devel/share/roseus/ros/pal_web_msgs/manifest.l)
Linked: (/home/cristian/tiago_dual_public_ws/devel/.private/pal_web_msgs/share/roseus/ros/pal_web_msgs/msg/GetUserInputActionFeedback.l, /home/cristian/tiago_dual_public_ws/devel/share/roseus/ros/pal_web_msgs/msg/GetUserInputActionFeedback.l)
Linked: (/home/cristian/tiago_dual_public_ws/devel/.private/pal_web_msgs/share/roseus/ros/pal_web_msgs/msg/GetUserInputGoal.l, /home/cristian/tiago_dual_public_ws/devel/share/roseus/ros/pal_web_msgs/msg/GetUserInputGoal.l)
Linked: (/home/cristian/tiago_dual_public_ws/devel/.private/pal_web_msgs/share/roseus/ros/pal_web_msgs/msg/GetUserInputActionResult.l, /home/cristian/tiago_dual_public_ws/devel/share/roseus/ros/pal_web_msgs/msg/GetUserInputActionResult.l)
Linked: (/home/cristian/tiago_dual_public_ws/devel/.private/pal_web_msgs/share/roseus/ros/pal_web_msgs/msg/GetUserInputResult.l, /home/cristian/tiago_dual_public_ws/devel/share/roseus/ros/pal_web_msgs/msg/GetUserInputResult.l)
Linked: (/home/cristian/tiago_dual_public_ws/devel/.private/pal_web_msgs/share/roseus/ros/pal_web_msgs/msg/WebGoTo.l, /home/cristian/tiago_dual_public_ws/devel/share/roseus/ros/pal_web_msgs/msg/WebGoTo.l)
Linked: (/home/cristian/tiago_dual_public_ws/devel/.private/pal_web_msgs/share/roseus/ros/pal_web_msgs/msg/GetUserInputAction.l, /home/cristian/tiago_dual_public_ws/devel/share/roseus/ros/pal_web_msgs/msg/GetUserInputAction.l)
Linked: (/home/cristian/tiago_dual_public_ws/devel/.private/pal_web_msgs/share/roseus/ros/pal_web_msgs/msg/GetUserInputFeedback.l, /home/cristian/tiago_dual_public_ws/devel/share/roseus/ros/pal_web_msgs/msg/GetUserInputFeedback.l)
Linked: (/home/cristian/tiago_dual_public_ws/devel/.private/pal_web_msgs/share/roseus/ros/pal_web_msgs/msg/GetUserInputActionGoal.l, /home/cristian/tiago_dual_public_ws/devel/share/roseus/ros/pal_web_msgs/msg/GetUserInputActionGoal.l)
Linked: (/home/cristian/tiago_dual_public_ws/devel/.private/pal_web_msgs/share/common-lisp/ros/pal_web_msgs/msg/_package_GetUserInputResult.lisp, /home/cristian/tiago_dual_public_ws/devel/share/common-lisp/ros/pal_web_msgs/msg/_package_GetUserInputResult.lisp)
Linked: (/home/cristian/tiago_dual_public_ws/devel/.private/pal_web_msgs/share/common-lisp/ros/pal_web_msgs/msg/_package_WebGoTo.lisp, /home/cristian/tiago_dual_public_ws/devel/share/common-lisp/ros/pal_web_msgs/msg/_package_WebGoTo.lisp)
Linked: (/home/cristian/tiago_dual_public_ws/devel/.private/pal_web_msgs/share/common-lisp/ros/pal_web_msgs/msg/GetUserInputActionFeedback.lisp, /home/cristian/tiago_dual_public_ws/devel/share/common-lisp/ros/pal_web_msgs/msg/GetUserInputActionFeedback.lisp)
Linked: (/home/cristian/tiago_dual_public_ws/devel/.private/pal_web_msgs/share/common-lisp/ros/pal_web_msgs/msg/GetUserInputAction.lisp, /home/cristian/tiago_dual_public_ws/devel/share/common-lisp/ros/pal_web_msgs/msg/GetUserInputAction.lisp)
Linked: (/home/cristian/tiago_dual_public_ws/devel/.private/pal_web_msgs/share/common-lisp/ros/pal_web_msgs/msg/GetUserInputFeedback.lisp, /home/cristian/tiago_dual_public_ws/devel/share/common-lisp/ros/pal_web_msgs/msg/GetUserInputFeedback.lisp)
Linked: (/home/cristian/tiago_dual_public_ws/devel/.private/pal_web_msgs/share/common-lisp/ros/pal_web_msgs/msg/_package_GetUserInputActionFeedback.lisp, /home/cristian/tiago_dual_public_ws/devel/share/common-lisp/ros/pal_web_msgs/msg/_package_GetUserInputActionFeedback.lisp)
Linked: (/home/cristian/tiago_dual_public_ws/devel/.private/pal_web_msgs/share/common-lisp/ros/pal_web_msgs/msg/pal_web_msgs-msg.asd, /home/cristian/tiago_dual_public_ws/devel/share/common-lisp/ros/pal_web_msgs/msg/pal_web_msgs-msg.asd)
Linked: (/home/cristian/tiago_dual_public_ws/devel/.private/pal_web_msgs/share/common-lisp/ros/pal_web_msgs/msg/GetUserInputGoal.lisp, /home/cristian/tiago_dual_public_ws/devel/share/common-lisp/ros/pal_web_msgs/msg/GetUserInputGoal.lisp)
Linked: (/home/cristian/tiago_dual_public_ws/devel/.private/pal_web_msgs/share/common-lisp/ros/pal_web_msgs/msg/_package_GetUserInputAction.lisp, /home/cristian/tiago_dual_public_ws/devel/share/common-lisp/ros/pal_web_msgs/msg/_package_GetUserInputAction.lisp)
Linked: (/home/cristian/tiago_dual_public_ws/devel/.private/pal_web_msgs/share/common-lisp/ros/pal_web_msgs/msg/GetUserInputResult.lisp, /home/cristian/tiago_dual_public_ws/devel/share/common-lisp/ros/pal_web_msgs/msg/GetUserInputResult.lisp)
Linked: (/home/cristian/tiago_dual_public_ws/devel/.private/pal_web_msgs/share/common-lisp/ros/pal_web_msgs/msg/GetUserInputActionGoal.lisp, /home/cristian/tiago_dual_public_ws/devel/share/common-lisp/ros/pal_web_msgs/msg/GetUserInputActionGoal.lisp)
Linked: (/home/cristian/tiago_dual_public_ws/devel/.private/pal_web_msgs/share/common-lisp/ros/pal_web_msgs/msg/GetUserInputActionResult.lisp, /home/cristian/tiago_dual_public_ws/devel/share/common-lisp/ros/pal_web_msgs/msg/GetUserInputActionResult.lisp)
Linked: (/home/cristian/tiago_dual_public_ws/devel/.private/pal_web_msgs/share/common-lisp/ros/pal_web_msgs/msg/_package_GetUserInputActionResult.lisp, /home/cristian/tiago_dual_public_ws/devel/share/common-lisp/ros/pal_web_msgs/msg/_package_GetUserInputActionResult.lisp)
Linked: (/home/cristian/tiago_dual_public_ws/devel/.private/pal_web_msgs/share/common-lisp/ros/pal_web_msgs/msg/_package_GetUserInputFeedback.lisp, /home/cristian/tiago_dual_public_ws/devel/share/common-lisp/ros/pal_web_msgs/msg/_package_GetUserInputFeedback.lisp)
Linked: (/home/cristian/tiago_dual_public_ws/devel/.private/pal_web_msgs/share/common-lisp/ros/pal_web_msgs/msg/_package_GetUserInputActionGoal.lisp, /home/cristian/tiago_dual_public_ws/devel/share/common-lisp/ros/pal_web_msgs/msg/_package_GetUserInputActionGoal.lisp)
Linked: (/home/cristian/tiago_dual_public_ws/devel/.private/pal_web_msgs/share/common-lisp/ros/pal_web_msgs/msg/_package_GetUserInputGoal.lisp, /home/cristian/tiago_dual_public_ws/devel/share/common-lisp/ros/pal_web_msgs/msg/_package_GetUserInputGoal.lisp)
Linked: (/home/cristian/tiago_dual_public_ws/devel/.private/pal_web_msgs/share/common-lisp/ros/pal_web_msgs/msg/WebGoTo.lisp, /home/cristian/tiago_dual_public_ws/devel/share/common-lisp/ros/pal_web_msgs/msg/WebGoTo.lisp)
Linked: (/home/cristian/tiago_dual_public_ws/devel/.private/pal_web_msgs/share/common-lisp/ros/pal_web_msgs/msg/_package.lisp, /home/cristian/tiago_dual_public_ws/devel/share/common-lisp/ros/pal_web_msgs/msg/_package.lisp)
Linked: (/home/cristian/tiago_dual_public_ws/devel/.private/pal_web_msgs/share/gennodejs/ros/pal_web_msgs/_index.js, /home/cristian/tiago_dual_public_ws/devel/share/gennodejs/ros/pal_web_msgs/_index.js)
Linked: (/home/cristian/tiago_dual_public_ws/devel/.private/pal_web_msgs/share/gennodejs/ros/pal_web_msgs/msg/GetUserInputActionFeedback.js, /home/cristian/tiago_dual_public_ws/devel/share/gennodejs/ros/pal_web_msgs/msg/GetUserInputActionFeedback.js)
Linked: (/home/cristian/tiago_dual_public_ws/devel/.private/pal_web_msgs/share/gennodejs/ros/pal_web_msgs/msg/GetUserInputAction.js, /home/cristian/tiago_dual_public_ws/devel/share/gennodejs/ros/pal_web_msgs/msg/GetUserInputAction.js)
Linked: (/home/cristian/tiago_dual_public_ws/devel/.private/pal_web_msgs/share/gennodejs/ros/pal_web_msgs/msg/GetUserInputActionGoal.js, /home/cristian/tiago_dual_public_ws/devel/share/gennodejs/ros/pal_web_msgs/msg/GetUserInputActionGoal.js)
Linked: (/home/cristian/tiago_dual_public_ws/devel/.private/pal_web_msgs/share/gennodejs/ros/pal_web_msgs/msg/WebGoTo.js, /home/cristian/tiago_dual_public_ws/devel/share/gennodejs/ros/pal_web_msgs/msg/WebGoTo.js)
Linked: (/home/cristian/tiago_dual_public_ws/devel/.private/pal_web_msgs/share/gennodejs/ros/pal_web_msgs/msg/GetUserInputActionResult.js, /home/cristian/tiago_dual_public_ws/devel/share/gennodejs/ros/pal_web_msgs/msg/GetUserInputActionResult.js)
Linked: (/home/cristian/tiago_dual_public_ws/devel/.private/pal_web_msgs/share/gennodejs/ros/pal_web_msgs/msg/GetUserInputGoal.js, /home/cristian/tiago_dual_public_ws/devel/share/gennodejs/ros/pal_web_msgs/msg/GetUserInputGoal.js)
Linked: (/home/cristian/tiago_dual_public_ws/devel/.private/pal_web_msgs/share/gennodejs/ros/pal_web_msgs/msg/_index.js, /home/cristian/tiago_dual_public_ws/devel/share/gennodejs/ros/pal_web_msgs/msg/_index.js)
Linked: (/home/cristian/tiago_dual_public_ws/devel/.private/pal_web_msgs/share/gennodejs/ros/pal_web_msgs/msg/GetUserInputResult.js, /home/cristian/tiago_dual_public_ws/devel/share/gennodejs/ros/pal_web_msgs/msg/GetUserInputResult.js)
Linked: (/home/cristian/tiago_dual_public_ws/devel/.private/pal_web_msgs/share/gennodejs/ros/pal_web_msgs/msg/GetUserInputFeedback.js, /home/cristian/tiago_dual_public_ws/devel/share/gennodejs/ros/pal_web_msgs/msg/GetUserInputFeedback.js)
Linked: (/home/cristian/tiago_dual_public_ws/devel/.private/pal_web_msgs/include/pal_web_msgs/GetUserInputGoal.h, /home/cristian/tiago_dual_public_ws/devel/include/pal_web_msgs/GetUserInputGoal.h)
Linked: (/home/cristian/tiago_dual_public_ws/devel/.private/pal_web_msgs/include/pal_web_msgs/GetUserInputActionGoal.h, /home/cristian/tiago_dual_public_ws/devel/include/pal_web_msgs/GetUserInputActionGoal.h)
Linked: (/home/cristian/tiago_dual_public_ws/devel/.private/pal_web_msgs/include/pal_web_msgs/GetUserInputActionFeedback.h, /home/cristian/tiago_dual_public_ws/devel/include/pal_web_msgs/GetUserInputActionFeedback.h)
Linked: (/home/cristian/tiago_dual_public_ws/devel/.private/pal_web_msgs/include/pal_web_msgs/GetUserInputFeedback.h, /home/cristian/tiago_dual_public_ws/devel/include/pal_web_msgs/GetUserInputFeedback.h)
Linked: (/home/cristian/tiago_dual_public_ws/devel/.private/pal_web_msgs/include/pal_web_msgs/GetUserInputAction.h, /home/cristian/tiago_dual_public_ws/devel/include/pal_web_msgs/GetUserInputAction.h)
Linked: (/home/cristian/tiago_dual_public_ws/devel/.private/pal_web_msgs/include/pal_web_msgs/GetUserInputActionResult.h, /home/cristian/tiago_dual_public_ws/devel/include/pal_web_msgs/GetUserInputActionResult.h)
Linked: (/home/cristian/tiago_dual_public_ws/devel/.private/pal_web_msgs/include/pal_web_msgs/WebGoTo.h, /home/cristian/tiago_dual_public_ws/devel/include/pal_web_msgs/WebGoTo.h)
Linked: (/home/cristian/tiago_dual_public_ws/devel/.private/pal_web_msgs/include/pal_web_msgs/GetUserInputResult.h, /home/cristian/tiago_dual_public_ws/devel/include/pal_web_msgs/GetUserInputResult.h)
Linked: (/home/cristian/tiago_dual_public_ws/devel/.private/pal_web_msgs/lib/pkgconfig/pal_web_msgs.pc, /home/cristian/tiago_dual_public_ws/devel/lib/pkgconfig/pal_web_msgs.pc)
Linked: (/home/cristian/tiago_dual_public_ws/devel/.private/pal_web_msgs/lib/python2.7/dist-packages/pal_web_msgs/__init__.py, /home/cristian/tiago_dual_public_ws/devel/lib/python2.7/dist-packages/pal_web_msgs/__init__.py)
Linked: (/home/cristian/tiago_dual_public_ws/devel/.private/pal_web_msgs/lib/python2.7/dist-packages/pal_web_msgs/msg/_GetUserInputFeedback.py, /home/cristian/tiago_dual_public_ws/devel/lib/python2.7/dist-packages/pal_web_msgs/msg/_GetUserInputFeedback.py)
Linked: (/home/cristian/tiago_dual_public_ws/devel/.private/pal_web_msgs/lib/python2.7/dist-packages/pal_web_msgs/msg/_GetUserInputResult.py, /home/cristian/tiago_dual_public_ws/devel/lib/python2.7/dist-packages/pal_web_msgs/msg/_GetUserInputResult.py)
Linked: (/home/cristian/tiago_dual_public_ws/devel/.private/pal_web_msgs/lib/python2.7/dist-packages/pal_web_msgs/msg/__init__.py, /home/cristian/tiago_dual_public_ws/devel/lib/python2.7/dist-packages/pal_web_msgs/msg/__init__.py)
Linked: (/home/cristian/tiago_dual_public_ws/devel/.private/pal_web_msgs/lib/python2.7/dist-packages/pal_web_msgs/msg/_GetUserInputAction.py, /home/cristian/tiago_dual_public_ws/devel/lib/python2.7/dist-packages/pal_web_msgs/msg/_GetUserInputAction.py)
Linked: (/home/cristian/tiago_dual_public_ws/devel/.private/pal_web_msgs/lib/python2.7/dist-packages/pal_web_msgs/msg/_GetUserInputActionResult.py, /home/cristian/tiago_dual_public_ws/devel/lib/python2.7/dist-packages/pal_web_msgs/msg/_GetUserInputActionResult.py)
Linked: (/home/cristian/tiago_dual_public_ws/devel/.private/pal_web_msgs/lib/python2.7/dist-packages/pal_web_msgs/msg/_GetUserInputActionGoal.py, /home/cristian/tiago_dual_public_ws/devel/lib/python2.7/dist-packages/pal_web_msgs/msg/_GetUserInputActionGoal.py)
Linked: (/home/cristian/tiago_dual_public_ws/devel/.private/pal_web_msgs/lib/python2.7/dist-packages/pal_web_msgs/msg/_GetUserInputGoal.py, /home/cristian/tiago_dual_public_ws/devel/lib/python2.7/dist-packages/pal_web_msgs/msg/_GetUserInputGoal.py)
Linked: (/home/cristian/tiago_dual_public_ws/devel/.private/pal_web_msgs/lib/python2.7/dist-packages/pal_web_msgs/msg/_WebGoTo.py, /home/cristian/tiago_dual_public_ws/devel/lib/python2.7/dist-packages/pal_web_msgs/msg/_WebGoTo.py)
Linked: (/home/cristian/tiago_dual_public_ws/devel/.private/pal_web_msgs/lib/python2.7/dist-packages/pal_web_msgs/msg/_GetUserInputActionFeedback.py, /home/cristian/tiago_dual_public_ws/devel/lib/python2.7/dist-packages/pal_web_msgs/msg/_GetUserInputActionFeedback.py)
