Determining if the pthread_create exist failed with the following output:
Change Dir: /home/cristian/tiago_dual_public_ws/build/gazebo_ros/CMakeFiles/CMakeTmp

Run Build Command:"/usr/bin/make" "cmTC_da013/fast"
/usr/bin/make -f CMakeFiles/cmTC_da013.dir/build.make CMakeFiles/cmTC_da013.dir/build
make[1]: ingresso nella directory "/home/cristian/tiago_dual_public_ws/build/gazebo_ros/CMakeFiles/CMakeTmp"
Building C object CMakeFiles/cmTC_da013.dir/CheckSymbolExists.c.o
/usr/bin/cc    -o CMakeFiles/cmTC_da013.dir/CheckSymbolExists.c.o   -c /home/cristian/tiago_dual_public_ws/build/gazebo_ros/CMakeFiles/CMakeTmp/CheckSymbolExists.c
Linking C executable cmTC_da013
/usr/bin/cmake -E cmake_link_script CMakeFiles/cmTC_da013.dir/link.txt --verbose=1
/usr/bin/cc      -rdynamic CMakeFiles/cmTC_da013.dir/CheckSymbolExists.c.o  -o cmTC_da013 
CMakeFiles/cmTC_da013.dir/CheckSymbolExists.c.o: nella funzione "main":
CheckSymbolExists.c:(.text+0x1b): riferimento non definito a "pthread_create"
collect2: error: ld returned 1 exit status
CMakeFiles/cmTC_da013.dir/build.make:97: recipe for target 'cmTC_da013' failed
make[1]: *** [cmTC_da013] Error 1
make[1]: uscita dalla directory "/home/cristian/tiago_dual_public_ws/build/gazebo_ros/CMakeFiles/CMakeTmp"
Makefile:126: recipe for target 'cmTC_da013/fast' failed
make: *** [cmTC_da013/fast] Error 2

File /home/cristian/tiago_dual_public_ws/build/gazebo_ros/CMakeFiles/CMakeTmp/CheckSymbolExists.c:
/* */
#include <pthread.h>

int main(int argc, char** argv)
{
  (void)argv;
#ifndef pthread_create
  return ((int*)(&pthread_create))[argc];
#else
  (void)argc;
  return 0;
#endif
}

Determining if the function pthread_create exists in the pthreads failed with the following output:
Change Dir: /home/cristian/tiago_dual_public_ws/build/gazebo_ros/CMakeFiles/CMakeTmp

Run Build Command:"/usr/bin/make" "cmTC_a54ef/fast"
/usr/bin/make -f CMakeFiles/cmTC_a54ef.dir/build.make CMakeFiles/cmTC_a54ef.dir/build
make[1]: ingresso nella directory "/home/cristian/tiago_dual_public_ws/build/gazebo_ros/CMakeFiles/CMakeTmp"
Building C object CMakeFiles/cmTC_a54ef.dir/CheckFunctionExists.c.o
/usr/bin/cc   -DCHECK_FUNCTION_EXISTS=pthread_create   -o CMakeFiles/cmTC_a54ef.dir/CheckFunctionExists.c.o   -c /usr/share/cmake-3.10/Modules/CheckFunctionExists.c
Linking C executable cmTC_a54ef
/usr/bin/cmake -E cmake_link_script CMakeFiles/cmTC_a54ef.dir/link.txt --verbose=1
/usr/bin/cc  -DCHECK_FUNCTION_EXISTS=pthread_create    -rdynamic CMakeFiles/cmTC_a54ef.dir/CheckFunctionExists.c.o  -o cmTC_a54ef -lpthreads 
/usr/bin/ld: impossibile trovare -lpthreads
collect2: error: ld returned 1 exit status
CMakeFiles/cmTC_a54ef.dir/build.make:97: recipe for target 'cmTC_a54ef' failed
make[1]: *** [cmTC_a54ef] Error 1
make[1]: uscita dalla directory "/home/cristian/tiago_dual_public_ws/build/gazebo_ros/CMakeFiles/CMakeTmp"
Makefile:126: recipe for target 'cmTC_a54ef/fast' failed
make: *** [cmTC_a54ef/fast] Error 2


