Linked: (/home/cristian/tiago_dual_public_ws/devel/.private/pal_vision_msgs/share/roseus/ros/pal_vision_msgs/manifest.l, /home/cristian/tiago_dual_public_ws/devel/share/roseus/ros/pal_vision_msgs/manifest.l)
Linked: (/home/cristian/tiago_dual_public_ws/devel/.private/pal_vision_msgs/share/roseus/ros/pal_vision_msgs/srv/LookToPixel.l, /home/cristian/tiago_dual_public_ws/devel/share/roseus/ros/pal_vision_msgs/srv/LookToPixel.l)
Linked: (/home/cristian/tiago_dual_public_ws/devel/.private/pal_vision_msgs/share/roseus/ros/pal_vision_msgs/srv/FollowMeStart.l, /home/cristian/tiago_dual_public_ws/devel/share/roseus/ros/pal_vision_msgs/srv/FollowMeStart.l)
Linked: (/home/cristian/tiago_dual_public_ws/devel/.private/pal_vision_msgs/share/roseus/ros/pal_vision_msgs/srv/FaceTrackingStart.l, /home/cristian/tiago_dual_public_ws/devel/share/roseus/ros/pal_vision_msgs/srv/FaceTrackingStart.l)
Linked: (/home/cristian/tiago_dual_public_ws/devel/.private/pal_vision_msgs/share/roseus/ros/pal_vision_msgs/srv/FollowMeStop.l, /home/cristian/tiago_dual_public_ws/devel/share/roseus/ros/pal_vision_msgs/srv/FollowMeStop.l)
Linked: (/home/cristian/tiago_dual_public_ws/devel/.private/pal_vision_msgs/share/roseus/ros/pal_vision_msgs/srv/FaceTrackingStop.l, /home/cristian/tiago_dual_public_ws/devel/share/roseus/ros/pal_vision_msgs/srv/FaceTrackingStop.l)
Linked: (/home/cristian/tiago_dual_public_ws/devel/.private/pal_vision_msgs/share/roseus/ros/pal_vision_msgs/msg/LegDetections.l, /home/cristian/tiago_dual_public_ws/devel/share/roseus/ros/pal_vision_msgs/msg/LegDetections.l)
Linked: (/home/cristian/tiago_dual_public_ws/devel/.private/pal_vision_msgs/share/roseus/ros/pal_vision_msgs/msg/HogDetections.l, /home/cristian/tiago_dual_public_ws/devel/share/roseus/ros/pal_vision_msgs/msg/HogDetections.l)
Linked: (/home/cristian/tiago_dual_public_ws/devel/.private/pal_vision_msgs/share/roseus/ros/pal_vision_msgs/msg/FaceRecognitionResult.l, /home/cristian/tiago_dual_public_ws/devel/share/roseus/ros/pal_vision_msgs/msg/FaceRecognitionResult.l)
Linked: (/home/cristian/tiago_dual_public_ws/devel/.private/pal_vision_msgs/share/roseus/ros/pal_vision_msgs/msg/DetectedPerson.l, /home/cristian/tiago_dual_public_ws/devel/share/roseus/ros/pal_vision_msgs/msg/DetectedPerson.l)
Linked: (/home/cristian/tiago_dual_public_ws/devel/.private/pal_vision_msgs/share/roseus/ros/pal_vision_msgs/msg/FaceDetections.l, /home/cristian/tiago_dual_public_ws/devel/share/roseus/ros/pal_vision_msgs/msg/FaceDetections.l)
Linked: (/home/cristian/tiago_dual_public_ws/devel/.private/pal_vision_msgs/share/roseus/ros/pal_vision_msgs/msg/FaceRecognitionActionResult.l, /home/cristian/tiago_dual_public_ws/devel/share/roseus/ros/pal_vision_msgs/msg/FaceRecognitionActionResult.l)
Linked: (/home/cristian/tiago_dual_public_ws/devel/.private/pal_vision_msgs/share/roseus/ros/pal_vision_msgs/msg/FaceDetection.l, /home/cristian/tiago_dual_public_ws/devel/share/roseus/ros/pal_vision_msgs/msg/FaceDetection.l)
Linked: (/home/cristian/tiago_dual_public_ws/devel/.private/pal_vision_msgs/share/roseus/ros/pal_vision_msgs/msg/HeadPanTilt.l, /home/cristian/tiago_dual_public_ws/devel/share/roseus/ros/pal_vision_msgs/msg/HeadPanTilt.l)
Linked: (/home/cristian/tiago_dual_public_ws/devel/.private/pal_vision_msgs/share/roseus/ros/pal_vision_msgs/msg/FaceRecognitionFeedback.l, /home/cristian/tiago_dual_public_ws/devel/share/roseus/ros/pal_vision_msgs/msg/FaceRecognitionFeedback.l)
Linked: (/home/cristian/tiago_dual_public_ws/devel/.private/pal_vision_msgs/share/roseus/ros/pal_vision_msgs/msg/Rectangle.l, /home/cristian/tiago_dual_public_ws/devel/share/roseus/ros/pal_vision_msgs/msg/Rectangle.l)
Linked: (/home/cristian/tiago_dual_public_ws/devel/.private/pal_vision_msgs/share/roseus/ros/pal_vision_msgs/msg/DetectedObject.l, /home/cristian/tiago_dual_public_ws/devel/share/roseus/ros/pal_vision_msgs/msg/DetectedObject.l)
Linked: (/home/cristian/tiago_dual_public_ws/devel/.private/pal_vision_msgs/share/roseus/ros/pal_vision_msgs/msg/HogDetection.l, /home/cristian/tiago_dual_public_ws/devel/share/roseus/ros/pal_vision_msgs/msg/HogDetection.l)
Linked: (/home/cristian/tiago_dual_public_ws/devel/.private/pal_vision_msgs/share/roseus/ros/pal_vision_msgs/msg/FaceRecognitionAction.l, /home/cristian/tiago_dual_public_ws/devel/share/roseus/ros/pal_vision_msgs/msg/FaceRecognitionAction.l)
Linked: (/home/cristian/tiago_dual_public_ws/devel/.private/pal_vision_msgs/share/roseus/ros/pal_vision_msgs/msg/FaceRecognitionActionFeedback.l, /home/cristian/tiago_dual_public_ws/devel/share/roseus/ros/pal_vision_msgs/msg/FaceRecognitionActionFeedback.l)
Linked: (/home/cristian/tiago_dual_public_ws/devel/.private/pal_vision_msgs/share/roseus/ros/pal_vision_msgs/msg/FollowMeResponse.l, /home/cristian/tiago_dual_public_ws/devel/share/roseus/ros/pal_vision_msgs/msg/FollowMeResponse.l)
Linked: (/home/cristian/tiago_dual_public_ws/devel/.private/pal_vision_msgs/share/roseus/ros/pal_vision_msgs/msg/FaceRecognitionActionGoal.l, /home/cristian/tiago_dual_public_ws/devel/share/roseus/ros/pal_vision_msgs/msg/FaceRecognitionActionGoal.l)
Linked: (/home/cristian/tiago_dual_public_ws/devel/.private/pal_vision_msgs/share/roseus/ros/pal_vision_msgs/msg/Gesture.l, /home/cristian/tiago_dual_public_ws/devel/share/roseus/ros/pal_vision_msgs/msg/Gesture.l)
Linked: (/home/cristian/tiago_dual_public_ws/devel/.private/pal_vision_msgs/share/roseus/ros/pal_vision_msgs/msg/FaceRecognitionGoal.l, /home/cristian/tiago_dual_public_ws/devel/share/roseus/ros/pal_vision_msgs/msg/FaceRecognitionGoal.l)
Linked: (/home/cristian/tiago_dual_public_ws/devel/.private/pal_vision_msgs/share/common-lisp/ros/pal_vision_msgs/srv/FaceTrackingStop.lisp, /home/cristian/tiago_dual_public_ws/devel/share/common-lisp/ros/pal_vision_msgs/srv/FaceTrackingStop.lisp)
Linked: (/home/cristian/tiago_dual_public_ws/devel/.private/pal_vision_msgs/share/common-lisp/ros/pal_vision_msgs/srv/_package_FollowMeStop.lisp, /home/cristian/tiago_dual_public_ws/devel/share/common-lisp/ros/pal_vision_msgs/srv/_package_FollowMeStop.lisp)
Linked: (/home/cristian/tiago_dual_public_ws/devel/.private/pal_vision_msgs/share/common-lisp/ros/pal_vision_msgs/srv/_package_FaceTrackingStart.lisp, /home/cristian/tiago_dual_public_ws/devel/share/common-lisp/ros/pal_vision_msgs/srv/_package_FaceTrackingStart.lisp)
Linked: (/home/cristian/tiago_dual_public_ws/devel/.private/pal_vision_msgs/share/common-lisp/ros/pal_vision_msgs/srv/FollowMeStop.lisp, /home/cristian/tiago_dual_public_ws/devel/share/common-lisp/ros/pal_vision_msgs/srv/FollowMeStop.lisp)
Linked: (/home/cristian/tiago_dual_public_ws/devel/.private/pal_vision_msgs/share/common-lisp/ros/pal_vision_msgs/srv/pal_vision_msgs-srv.asd, /home/cristian/tiago_dual_public_ws/devel/share/common-lisp/ros/pal_vision_msgs/srv/pal_vision_msgs-srv.asd)
Linked: (/home/cristian/tiago_dual_public_ws/devel/.private/pal_vision_msgs/share/common-lisp/ros/pal_vision_msgs/srv/FollowMeStart.lisp, /home/cristian/tiago_dual_public_ws/devel/share/common-lisp/ros/pal_vision_msgs/srv/FollowMeStart.lisp)
Linked: (/home/cristian/tiago_dual_public_ws/devel/.private/pal_vision_msgs/share/common-lisp/ros/pal_vision_msgs/srv/LookToPixel.lisp, /home/cristian/tiago_dual_public_ws/devel/share/common-lisp/ros/pal_vision_msgs/srv/LookToPixel.lisp)
Linked: (/home/cristian/tiago_dual_public_ws/devel/.private/pal_vision_msgs/share/common-lisp/ros/pal_vision_msgs/srv/_package_FaceTrackingStop.lisp, /home/cristian/tiago_dual_public_ws/devel/share/common-lisp/ros/pal_vision_msgs/srv/_package_FaceTrackingStop.lisp)
Linked: (/home/cristian/tiago_dual_public_ws/devel/.private/pal_vision_msgs/share/common-lisp/ros/pal_vision_msgs/srv/_package_LookToPixel.lisp, /home/cristian/tiago_dual_public_ws/devel/share/common-lisp/ros/pal_vision_msgs/srv/_package_LookToPixel.lisp)
Linked: (/home/cristian/tiago_dual_public_ws/devel/.private/pal_vision_msgs/share/common-lisp/ros/pal_vision_msgs/srv/FaceTrackingStart.lisp, /home/cristian/tiago_dual_public_ws/devel/share/common-lisp/ros/pal_vision_msgs/srv/FaceTrackingStart.lisp)
Linked: (/home/cristian/tiago_dual_public_ws/devel/.private/pal_vision_msgs/share/common-lisp/ros/pal_vision_msgs/srv/_package_FollowMeStart.lisp, /home/cristian/tiago_dual_public_ws/devel/share/common-lisp/ros/pal_vision_msgs/srv/_package_FollowMeStart.lisp)
Linked: (/home/cristian/tiago_dual_public_ws/devel/.private/pal_vision_msgs/share/common-lisp/ros/pal_vision_msgs/srv/_package.lisp, /home/cristian/tiago_dual_public_ws/devel/share/common-lisp/ros/pal_vision_msgs/srv/_package.lisp)
Linked: (/home/cristian/tiago_dual_public_ws/devel/.private/pal_vision_msgs/share/common-lisp/ros/pal_vision_msgs/msg/FaceRecognitionResult.lisp, /home/cristian/tiago_dual_public_ws/devel/share/common-lisp/ros/pal_vision_msgs/msg/FaceRecognitionResult.lisp)
Linked: (/home/cristian/tiago_dual_public_ws/devel/.private/pal_vision_msgs/share/common-lisp/ros/pal_vision_msgs/msg/FaceRecognitionAction.lisp, /home/cristian/tiago_dual_public_ws/devel/share/common-lisp/ros/pal_vision_msgs/msg/FaceRecognitionAction.lisp)
Linked: (/home/cristian/tiago_dual_public_ws/devel/.private/pal_vision_msgs/share/common-lisp/ros/pal_vision_msgs/msg/_package_HogDetection.lisp, /home/cristian/tiago_dual_public_ws/devel/share/common-lisp/ros/pal_vision_msgs/msg/_package_HogDetection.lisp)
Linked: (/home/cristian/tiago_dual_public_ws/devel/.private/pal_vision_msgs/share/common-lisp/ros/pal_vision_msgs/msg/_package_FaceRecognitionResult.lisp, /home/cristian/tiago_dual_public_ws/devel/share/common-lisp/ros/pal_vision_msgs/msg/_package_FaceRecognitionResult.lisp)
Linked: (/home/cristian/tiago_dual_public_ws/devel/.private/pal_vision_msgs/share/common-lisp/ros/pal_vision_msgs/msg/_package_FaceDetection.lisp, /home/cristian/tiago_dual_public_ws/devel/share/common-lisp/ros/pal_vision_msgs/msg/_package_FaceDetection.lisp)
Linked: (/home/cristian/tiago_dual_public_ws/devel/.private/pal_vision_msgs/share/common-lisp/ros/pal_vision_msgs/msg/LegDetections.lisp, /home/cristian/tiago_dual_public_ws/devel/share/common-lisp/ros/pal_vision_msgs/msg/LegDetections.lisp)
Linked: (/home/cristian/tiago_dual_public_ws/devel/.private/pal_vision_msgs/share/common-lisp/ros/pal_vision_msgs/msg/DetectedPerson.lisp, /home/cristian/tiago_dual_public_ws/devel/share/common-lisp/ros/pal_vision_msgs/msg/DetectedPerson.lisp)
Linked: (/home/cristian/tiago_dual_public_ws/devel/.private/pal_vision_msgs/share/common-lisp/ros/pal_vision_msgs/msg/_package_HeadPanTilt.lisp, /home/cristian/tiago_dual_public_ws/devel/share/common-lisp/ros/pal_vision_msgs/msg/_package_HeadPanTilt.lisp)
Linked: (/home/cristian/tiago_dual_public_ws/devel/.private/pal_vision_msgs/share/common-lisp/ros/pal_vision_msgs/msg/FaceDetections.lisp, /home/cristian/tiago_dual_public_ws/devel/share/common-lisp/ros/pal_vision_msgs/msg/FaceDetections.lisp)
Linked: (/home/cristian/tiago_dual_public_ws/devel/.private/pal_vision_msgs/share/common-lisp/ros/pal_vision_msgs/msg/_package_FaceDetections.lisp, /home/cristian/tiago_dual_public_ws/devel/share/common-lisp/ros/pal_vision_msgs/msg/_package_FaceDetections.lisp)
Linked: (/home/cristian/tiago_dual_public_ws/devel/.private/pal_vision_msgs/share/common-lisp/ros/pal_vision_msgs/msg/HogDetections.lisp, /home/cristian/tiago_dual_public_ws/devel/share/common-lisp/ros/pal_vision_msgs/msg/HogDetections.lisp)
Linked: (/home/cristian/tiago_dual_public_ws/devel/.private/pal_vision_msgs/share/common-lisp/ros/pal_vision_msgs/msg/HogDetection.lisp, /home/cristian/tiago_dual_public_ws/devel/share/common-lisp/ros/pal_vision_msgs/msg/HogDetection.lisp)
Linked: (/home/cristian/tiago_dual_public_ws/devel/.private/pal_vision_msgs/share/common-lisp/ros/pal_vision_msgs/msg/FaceRecognitionGoal.lisp, /home/cristian/tiago_dual_public_ws/devel/share/common-lisp/ros/pal_vision_msgs/msg/FaceRecognitionGoal.lisp)
Linked: (/home/cristian/tiago_dual_public_ws/devel/.private/pal_vision_msgs/share/common-lisp/ros/pal_vision_msgs/msg/FaceDetection.lisp, /home/cristian/tiago_dual_public_ws/devel/share/common-lisp/ros/pal_vision_msgs/msg/FaceDetection.lisp)
Linked: (/home/cristian/tiago_dual_public_ws/devel/.private/pal_vision_msgs/share/common-lisp/ros/pal_vision_msgs/msg/_package_LegDetections.lisp, /home/cristian/tiago_dual_public_ws/devel/share/common-lisp/ros/pal_vision_msgs/msg/_package_LegDetections.lisp)
Linked: (/home/cristian/tiago_dual_public_ws/devel/.private/pal_vision_msgs/share/common-lisp/ros/pal_vision_msgs/msg/HeadPanTilt.lisp, /home/cristian/tiago_dual_public_ws/devel/share/common-lisp/ros/pal_vision_msgs/msg/HeadPanTilt.lisp)
Linked: (/home/cristian/tiago_dual_public_ws/devel/.private/pal_vision_msgs/share/common-lisp/ros/pal_vision_msgs/msg/_package_FaceRecognitionFeedback.lisp, /home/cristian/tiago_dual_public_ws/devel/share/common-lisp/ros/pal_vision_msgs/msg/_package_FaceRecognitionFeedback.lisp)
Linked: (/home/cristian/tiago_dual_public_ws/devel/.private/pal_vision_msgs/share/common-lisp/ros/pal_vision_msgs/msg/_package_HogDetections.lisp, /home/cristian/tiago_dual_public_ws/devel/share/common-lisp/ros/pal_vision_msgs/msg/_package_HogDetections.lisp)
Linked: (/home/cristian/tiago_dual_public_ws/devel/.private/pal_vision_msgs/share/common-lisp/ros/pal_vision_msgs/msg/_package_DetectedObject.lisp, /home/cristian/tiago_dual_public_ws/devel/share/common-lisp/ros/pal_vision_msgs/msg/_package_DetectedObject.lisp)
Linked: (/home/cristian/tiago_dual_public_ws/devel/.private/pal_vision_msgs/share/common-lisp/ros/pal_vision_msgs/msg/FaceRecognitionActionGoal.lisp, /home/cristian/tiago_dual_public_ws/devel/share/common-lisp/ros/pal_vision_msgs/msg/FaceRecognitionActionGoal.lisp)
Linked: (/home/cristian/tiago_dual_public_ws/devel/.private/pal_vision_msgs/share/common-lisp/ros/pal_vision_msgs/msg/FaceRecognitionActionResult.lisp, /home/cristian/tiago_dual_public_ws/devel/share/common-lisp/ros/pal_vision_msgs/msg/FaceRecognitionActionResult.lisp)
Linked: (/home/cristian/tiago_dual_public_ws/devel/.private/pal_vision_msgs/share/common-lisp/ros/pal_vision_msgs/msg/_package_FaceRecognitionActionGoal.lisp, /home/cristian/tiago_dual_public_ws/devel/share/common-lisp/ros/pal_vision_msgs/msg/_package_FaceRecognitionActionGoal.lisp)
Linked: (/home/cristian/tiago_dual_public_ws/devel/.private/pal_vision_msgs/share/common-lisp/ros/pal_vision_msgs/msg/_package_DetectedPerson.lisp, /home/cristian/tiago_dual_public_ws/devel/share/common-lisp/ros/pal_vision_msgs/msg/_package_DetectedPerson.lisp)
Linked: (/home/cristian/tiago_dual_public_ws/devel/.private/pal_vision_msgs/share/common-lisp/ros/pal_vision_msgs/msg/Rectangle.lisp, /home/cristian/tiago_dual_public_ws/devel/share/common-lisp/ros/pal_vision_msgs/msg/Rectangle.lisp)
Linked: (/home/cristian/tiago_dual_public_ws/devel/.private/pal_vision_msgs/share/common-lisp/ros/pal_vision_msgs/msg/Gesture.lisp, /home/cristian/tiago_dual_public_ws/devel/share/common-lisp/ros/pal_vision_msgs/msg/Gesture.lisp)
Linked: (/home/cristian/tiago_dual_public_ws/devel/.private/pal_vision_msgs/share/common-lisp/ros/pal_vision_msgs/msg/_package_FaceRecognitionActionResult.lisp, /home/cristian/tiago_dual_public_ws/devel/share/common-lisp/ros/pal_vision_msgs/msg/_package_FaceRecognitionActionResult.lisp)
Linked: (/home/cristian/tiago_dual_public_ws/devel/.private/pal_vision_msgs/share/common-lisp/ros/pal_vision_msgs/msg/pal_vision_msgs-msg.asd, /home/cristian/tiago_dual_public_ws/devel/share/common-lisp/ros/pal_vision_msgs/msg/pal_vision_msgs-msg.asd)
Linked: (/home/cristian/tiago_dual_public_ws/devel/.private/pal_vision_msgs/share/common-lisp/ros/pal_vision_msgs/msg/DetectedObject.lisp, /home/cristian/tiago_dual_public_ws/devel/share/common-lisp/ros/pal_vision_msgs/msg/DetectedObject.lisp)
Linked: (/home/cristian/tiago_dual_public_ws/devel/.private/pal_vision_msgs/share/common-lisp/ros/pal_vision_msgs/msg/_package_Rectangle.lisp, /home/cristian/tiago_dual_public_ws/devel/share/common-lisp/ros/pal_vision_msgs/msg/_package_Rectangle.lisp)
Linked: (/home/cristian/tiago_dual_public_ws/devel/.private/pal_vision_msgs/share/common-lisp/ros/pal_vision_msgs/msg/FaceRecognitionFeedback.lisp, /home/cristian/tiago_dual_public_ws/devel/share/common-lisp/ros/pal_vision_msgs/msg/FaceRecognitionFeedback.lisp)
Linked: (/home/cristian/tiago_dual_public_ws/devel/.private/pal_vision_msgs/share/common-lisp/ros/pal_vision_msgs/msg/FollowMeResponse.lisp, /home/cristian/tiago_dual_public_ws/devel/share/common-lisp/ros/pal_vision_msgs/msg/FollowMeResponse.lisp)
Linked: (/home/cristian/tiago_dual_public_ws/devel/.private/pal_vision_msgs/share/common-lisp/ros/pal_vision_msgs/msg/_package_FaceRecognitionActionFeedback.lisp, /home/cristian/tiago_dual_public_ws/devel/share/common-lisp/ros/pal_vision_msgs/msg/_package_FaceRecognitionActionFeedback.lisp)
Linked: (/home/cristian/tiago_dual_public_ws/devel/.private/pal_vision_msgs/share/common-lisp/ros/pal_vision_msgs/msg/_package_FaceRecognitionAction.lisp, /home/cristian/tiago_dual_public_ws/devel/share/common-lisp/ros/pal_vision_msgs/msg/_package_FaceRecognitionAction.lisp)
Linked: (/home/cristian/tiago_dual_public_ws/devel/.private/pal_vision_msgs/share/common-lisp/ros/pal_vision_msgs/msg/_package_FaceRecognitionGoal.lisp, /home/cristian/tiago_dual_public_ws/devel/share/common-lisp/ros/pal_vision_msgs/msg/_package_FaceRecognitionGoal.lisp)
Linked: (/home/cristian/tiago_dual_public_ws/devel/.private/pal_vision_msgs/share/common-lisp/ros/pal_vision_msgs/msg/FaceRecognitionActionFeedback.lisp, /home/cristian/tiago_dual_public_ws/devel/share/common-lisp/ros/pal_vision_msgs/msg/FaceRecognitionActionFeedback.lisp)
Linked: (/home/cristian/tiago_dual_public_ws/devel/.private/pal_vision_msgs/share/common-lisp/ros/pal_vision_msgs/msg/_package_Gesture.lisp, /home/cristian/tiago_dual_public_ws/devel/share/common-lisp/ros/pal_vision_msgs/msg/_package_Gesture.lisp)
Linked: (/home/cristian/tiago_dual_public_ws/devel/.private/pal_vision_msgs/share/common-lisp/ros/pal_vision_msgs/msg/_package_FollowMeResponse.lisp, /home/cristian/tiago_dual_public_ws/devel/share/common-lisp/ros/pal_vision_msgs/msg/_package_FollowMeResponse.lisp)
Linked: (/home/cristian/tiago_dual_public_ws/devel/.private/pal_vision_msgs/share/common-lisp/ros/pal_vision_msgs/msg/_package.lisp, /home/cristian/tiago_dual_public_ws/devel/share/common-lisp/ros/pal_vision_msgs/msg/_package.lisp)
Linked: (/home/cristian/tiago_dual_public_ws/devel/.private/pal_vision_msgs/share/pal_vision_msgs/msg/FaceRecognitionActionGoal.msg, /home/cristian/tiago_dual_public_ws/devel/share/pal_vision_msgs/msg/FaceRecognitionActionGoal.msg)
Linked: (/home/cristian/tiago_dual_public_ws/devel/.private/pal_vision_msgs/share/pal_vision_msgs/msg/FaceRecognitionFeedback.msg, /home/cristian/tiago_dual_public_ws/devel/share/pal_vision_msgs/msg/FaceRecognitionFeedback.msg)
Linked: (/home/cristian/tiago_dual_public_ws/devel/.private/pal_vision_msgs/share/pal_vision_msgs/msg/FaceRecognitionActionFeedback.msg, /home/cristian/tiago_dual_public_ws/devel/share/pal_vision_msgs/msg/FaceRecognitionActionFeedback.msg)
Linked: (/home/cristian/tiago_dual_public_ws/devel/.private/pal_vision_msgs/share/pal_vision_msgs/msg/FaceRecognitionActionResult.msg, /home/cristian/tiago_dual_public_ws/devel/share/pal_vision_msgs/msg/FaceRecognitionActionResult.msg)
Linked: (/home/cristian/tiago_dual_public_ws/devel/.private/pal_vision_msgs/share/pal_vision_msgs/msg/FaceRecognitionGoal.msg, /home/cristian/tiago_dual_public_ws/devel/share/pal_vision_msgs/msg/FaceRecognitionGoal.msg)
Linked: (/home/cristian/tiago_dual_public_ws/devel/.private/pal_vision_msgs/share/pal_vision_msgs/msg/FaceRecognitionAction.msg, /home/cristian/tiago_dual_public_ws/devel/share/pal_vision_msgs/msg/FaceRecognitionAction.msg)
Linked: (/home/cristian/tiago_dual_public_ws/devel/.private/pal_vision_msgs/share/pal_vision_msgs/msg/FaceRecognitionResult.msg, /home/cristian/tiago_dual_public_ws/devel/share/pal_vision_msgs/msg/FaceRecognitionResult.msg)
Linked: (/home/cristian/tiago_dual_public_ws/devel/.private/pal_vision_msgs/share/pal_vision_msgs/cmake/pal_vision_msgs-msg-paths.cmake, /home/cristian/tiago_dual_public_ws/devel/share/pal_vision_msgs/cmake/pal_vision_msgs-msg-paths.cmake)
Linked: (/home/cristian/tiago_dual_public_ws/devel/.private/pal_vision_msgs/share/pal_vision_msgs/cmake/pal_vision_msgsConfig.cmake, /home/cristian/tiago_dual_public_ws/devel/share/pal_vision_msgs/cmake/pal_vision_msgsConfig.cmake)
Linked: (/home/cristian/tiago_dual_public_ws/devel/.private/pal_vision_msgs/share/pal_vision_msgs/cmake/pal_vision_msgs-msg-extras.cmake, /home/cristian/tiago_dual_public_ws/devel/share/pal_vision_msgs/cmake/pal_vision_msgs-msg-extras.cmake)
Linked: (/home/cristian/tiago_dual_public_ws/devel/.private/pal_vision_msgs/share/pal_vision_msgs/cmake/pal_vision_msgsConfig-version.cmake, /home/cristian/tiago_dual_public_ws/devel/share/pal_vision_msgs/cmake/pal_vision_msgsConfig-version.cmake)
Linked: (/home/cristian/tiago_dual_public_ws/devel/.private/pal_vision_msgs/share/gennodejs/ros/pal_vision_msgs/_index.js, /home/cristian/tiago_dual_public_ws/devel/share/gennodejs/ros/pal_vision_msgs/_index.js)
Linked: (/home/cristian/tiago_dual_public_ws/devel/.private/pal_vision_msgs/share/gennodejs/ros/pal_vision_msgs/srv/FollowMeStop.js, /home/cristian/tiago_dual_public_ws/devel/share/gennodejs/ros/pal_vision_msgs/srv/FollowMeStop.js)
Linked: (/home/cristian/tiago_dual_public_ws/devel/.private/pal_vision_msgs/share/gennodejs/ros/pal_vision_msgs/srv/FaceTrackingStop.js, /home/cristian/tiago_dual_public_ws/devel/share/gennodejs/ros/pal_vision_msgs/srv/FaceTrackingStop.js)
Linked: (/home/cristian/tiago_dual_public_ws/devel/.private/pal_vision_msgs/share/gennodejs/ros/pal_vision_msgs/srv/FaceTrackingStart.js, /home/cristian/tiago_dual_public_ws/devel/share/gennodejs/ros/pal_vision_msgs/srv/FaceTrackingStart.js)
Linked: (/home/cristian/tiago_dual_public_ws/devel/.private/pal_vision_msgs/share/gennodejs/ros/pal_vision_msgs/srv/LookToPixel.js, /home/cristian/tiago_dual_public_ws/devel/share/gennodejs/ros/pal_vision_msgs/srv/LookToPixel.js)
Linked: (/home/cristian/tiago_dual_public_ws/devel/.private/pal_vision_msgs/share/gennodejs/ros/pal_vision_msgs/srv/_index.js, /home/cristian/tiago_dual_public_ws/devel/share/gennodejs/ros/pal_vision_msgs/srv/_index.js)
Linked: (/home/cristian/tiago_dual_public_ws/devel/.private/pal_vision_msgs/share/gennodejs/ros/pal_vision_msgs/srv/FollowMeStart.js, /home/cristian/tiago_dual_public_ws/devel/share/gennodejs/ros/pal_vision_msgs/srv/FollowMeStart.js)
Linked: (/home/cristian/tiago_dual_public_ws/devel/.private/pal_vision_msgs/share/gennodejs/ros/pal_vision_msgs/msg/FaceDetections.js, /home/cristian/tiago_dual_public_ws/devel/share/gennodejs/ros/pal_vision_msgs/msg/FaceDetections.js)
Linked: (/home/cristian/tiago_dual_public_ws/devel/.private/pal_vision_msgs/share/gennodejs/ros/pal_vision_msgs/msg/FaceRecognitionActionResult.js, /home/cristian/tiago_dual_public_ws/devel/share/gennodejs/ros/pal_vision_msgs/msg/FaceRecognitionActionResult.js)
Linked: (/home/cristian/tiago_dual_public_ws/devel/.private/pal_vision_msgs/share/gennodejs/ros/pal_vision_msgs/msg/FaceRecognitionActionGoal.js, /home/cristian/tiago_dual_public_ws/devel/share/gennodejs/ros/pal_vision_msgs/msg/FaceRecognitionActionGoal.js)
Linked: (/home/cristian/tiago_dual_public_ws/devel/.private/pal_vision_msgs/share/gennodejs/ros/pal_vision_msgs/msg/Gesture.js, /home/cristian/tiago_dual_public_ws/devel/share/gennodejs/ros/pal_vision_msgs/msg/Gesture.js)
Linked: (/home/cristian/tiago_dual_public_ws/devel/.private/pal_vision_msgs/share/gennodejs/ros/pal_vision_msgs/msg/Rectangle.js, /home/cristian/tiago_dual_public_ws/devel/share/gennodejs/ros/pal_vision_msgs/msg/Rectangle.js)
Linked: (/home/cristian/tiago_dual_public_ws/devel/.private/pal_vision_msgs/share/gennodejs/ros/pal_vision_msgs/msg/FaceRecognitionFeedback.js, /home/cristian/tiago_dual_public_ws/devel/share/gennodejs/ros/pal_vision_msgs/msg/FaceRecognitionFeedback.js)
Linked: (/home/cristian/tiago_dual_public_ws/devel/.private/pal_vision_msgs/share/gennodejs/ros/pal_vision_msgs/msg/FaceRecognitionGoal.js, /home/cristian/tiago_dual_public_ws/devel/share/gennodejs/ros/pal_vision_msgs/msg/FaceRecognitionGoal.js)
Linked: (/home/cristian/tiago_dual_public_ws/devel/.private/pal_vision_msgs/share/gennodejs/ros/pal_vision_msgs/msg/FaceRecognitionActionFeedback.js, /home/cristian/tiago_dual_public_ws/devel/share/gennodejs/ros/pal_vision_msgs/msg/FaceRecognitionActionFeedback.js)
Linked: (/home/cristian/tiago_dual_public_ws/devel/.private/pal_vision_msgs/share/gennodejs/ros/pal_vision_msgs/msg/HogDetection.js, /home/cristian/tiago_dual_public_ws/devel/share/gennodejs/ros/pal_vision_msgs/msg/HogDetection.js)
Linked: (/home/cristian/tiago_dual_public_ws/devel/.private/pal_vision_msgs/share/gennodejs/ros/pal_vision_msgs/msg/LegDetections.js, /home/cristian/tiago_dual_public_ws/devel/share/gennodejs/ros/pal_vision_msgs/msg/LegDetections.js)
Linked: (/home/cristian/tiago_dual_public_ws/devel/.private/pal_vision_msgs/share/gennodejs/ros/pal_vision_msgs/msg/FaceRecognitionResult.js, /home/cristian/tiago_dual_public_ws/devel/share/gennodejs/ros/pal_vision_msgs/msg/FaceRecognitionResult.js)
Linked: (/home/cristian/tiago_dual_public_ws/devel/.private/pal_vision_msgs/share/gennodejs/ros/pal_vision_msgs/msg/DetectedPerson.js, /home/cristian/tiago_dual_public_ws/devel/share/gennodejs/ros/pal_vision_msgs/msg/DetectedPerson.js)
Linked: (/home/cristian/tiago_dual_public_ws/devel/.private/pal_vision_msgs/share/gennodejs/ros/pal_vision_msgs/msg/FaceDetection.js, /home/cristian/tiago_dual_public_ws/devel/share/gennodejs/ros/pal_vision_msgs/msg/FaceDetection.js)
Linked: (/home/cristian/tiago_dual_public_ws/devel/.private/pal_vision_msgs/share/gennodejs/ros/pal_vision_msgs/msg/FaceRecognitionAction.js, /home/cristian/tiago_dual_public_ws/devel/share/gennodejs/ros/pal_vision_msgs/msg/FaceRecognitionAction.js)
Linked: (/home/cristian/tiago_dual_public_ws/devel/.private/pal_vision_msgs/share/gennodejs/ros/pal_vision_msgs/msg/_index.js, /home/cristian/tiago_dual_public_ws/devel/share/gennodejs/ros/pal_vision_msgs/msg/_index.js)
Linked: (/home/cristian/tiago_dual_public_ws/devel/.private/pal_vision_msgs/share/gennodejs/ros/pal_vision_msgs/msg/FollowMeResponse.js, /home/cristian/tiago_dual_public_ws/devel/share/gennodejs/ros/pal_vision_msgs/msg/FollowMeResponse.js)
Linked: (/home/cristian/tiago_dual_public_ws/devel/.private/pal_vision_msgs/share/gennodejs/ros/pal_vision_msgs/msg/HogDetections.js, /home/cristian/tiago_dual_public_ws/devel/share/gennodejs/ros/pal_vision_msgs/msg/HogDetections.js)
Linked: (/home/cristian/tiago_dual_public_ws/devel/.private/pal_vision_msgs/share/gennodejs/ros/pal_vision_msgs/msg/DetectedObject.js, /home/cristian/tiago_dual_public_ws/devel/share/gennodejs/ros/pal_vision_msgs/msg/DetectedObject.js)
Linked: (/home/cristian/tiago_dual_public_ws/devel/.private/pal_vision_msgs/share/gennodejs/ros/pal_vision_msgs/msg/HeadPanTilt.js, /home/cristian/tiago_dual_public_ws/devel/share/gennodejs/ros/pal_vision_msgs/msg/HeadPanTilt.js)
Linked: (/home/cristian/tiago_dual_public_ws/devel/.private/pal_vision_msgs/include/pal_vision_msgs/FaceTrackingStart.h, /home/cristian/tiago_dual_public_ws/devel/include/pal_vision_msgs/FaceTrackingStart.h)
Linked: (/home/cristian/tiago_dual_public_ws/devel/.private/pal_vision_msgs/include/pal_vision_msgs/FollowMeStartResponse.h, /home/cristian/tiago_dual_public_ws/devel/include/pal_vision_msgs/FollowMeStartResponse.h)
Linked: (/home/cristian/tiago_dual_public_ws/devel/.private/pal_vision_msgs/include/pal_vision_msgs/HeadPanTilt.h, /home/cristian/tiago_dual_public_ws/devel/include/pal_vision_msgs/HeadPanTilt.h)
Linked: (/home/cristian/tiago_dual_public_ws/devel/.private/pal_vision_msgs/include/pal_vision_msgs/FollowMeStopRequest.h, /home/cristian/tiago_dual_public_ws/devel/include/pal_vision_msgs/FollowMeStopRequest.h)
Linked: (/home/cristian/tiago_dual_public_ws/devel/.private/pal_vision_msgs/include/pal_vision_msgs/FaceRecognitionGoal.h, /home/cristian/tiago_dual_public_ws/devel/include/pal_vision_msgs/FaceRecognitionGoal.h)
Linked: (/home/cristian/tiago_dual_public_ws/devel/.private/pal_vision_msgs/include/pal_vision_msgs/FaceRecognitionFeedback.h, /home/cristian/tiago_dual_public_ws/devel/include/pal_vision_msgs/FaceRecognitionFeedback.h)
Linked: (/home/cristian/tiago_dual_public_ws/devel/.private/pal_vision_msgs/include/pal_vision_msgs/FaceRecognitionResult.h, /home/cristian/tiago_dual_public_ws/devel/include/pal_vision_msgs/FaceRecognitionResult.h)
Linked: (/home/cristian/tiago_dual_public_ws/devel/.private/pal_vision_msgs/include/pal_vision_msgs/FaceRecognitionActionResult.h, /home/cristian/tiago_dual_public_ws/devel/include/pal_vision_msgs/FaceRecognitionActionResult.h)
Linked: (/home/cristian/tiago_dual_public_ws/devel/.private/pal_vision_msgs/include/pal_vision_msgs/FollowMeStopResponse.h, /home/cristian/tiago_dual_public_ws/devel/include/pal_vision_msgs/FollowMeStopResponse.h)
Linked: (/home/cristian/tiago_dual_public_ws/devel/.private/pal_vision_msgs/include/pal_vision_msgs/FaceDetection.h, /home/cristian/tiago_dual_public_ws/devel/include/pal_vision_msgs/FaceDetection.h)
Linked: (/home/cristian/tiago_dual_public_ws/devel/.private/pal_vision_msgs/include/pal_vision_msgs/FollowMeStartRequest.h, /home/cristian/tiago_dual_public_ws/devel/include/pal_vision_msgs/FollowMeStartRequest.h)
Linked: (/home/cristian/tiago_dual_public_ws/devel/.private/pal_vision_msgs/include/pal_vision_msgs/FaceRecognitionActionFeedback.h, /home/cristian/tiago_dual_public_ws/devel/include/pal_vision_msgs/FaceRecognitionActionFeedback.h)
Linked: (/home/cristian/tiago_dual_public_ws/devel/.private/pal_vision_msgs/include/pal_vision_msgs/LookToPixel.h, /home/cristian/tiago_dual_public_ws/devel/include/pal_vision_msgs/LookToPixel.h)
Linked: (/home/cristian/tiago_dual_public_ws/devel/.private/pal_vision_msgs/include/pal_vision_msgs/HogDetection.h, /home/cristian/tiago_dual_public_ws/devel/include/pal_vision_msgs/HogDetection.h)
Linked: (/home/cristian/tiago_dual_public_ws/devel/.private/pal_vision_msgs/include/pal_vision_msgs/LookToPixelResponse.h, /home/cristian/tiago_dual_public_ws/devel/include/pal_vision_msgs/LookToPixelResponse.h)
Linked: (/home/cristian/tiago_dual_public_ws/devel/.private/pal_vision_msgs/include/pal_vision_msgs/FollowMeStop.h, /home/cristian/tiago_dual_public_ws/devel/include/pal_vision_msgs/FollowMeStop.h)
Linked: (/home/cristian/tiago_dual_public_ws/devel/.private/pal_vision_msgs/include/pal_vision_msgs/DetectedPerson.h, /home/cristian/tiago_dual_public_ws/devel/include/pal_vision_msgs/DetectedPerson.h)
Linked: (/home/cristian/tiago_dual_public_ws/devel/.private/pal_vision_msgs/include/pal_vision_msgs/LookToPixelRequest.h, /home/cristian/tiago_dual_public_ws/devel/include/pal_vision_msgs/LookToPixelRequest.h)
Linked: (/home/cristian/tiago_dual_public_ws/devel/.private/pal_vision_msgs/include/pal_vision_msgs/FaceTrackingStop.h, /home/cristian/tiago_dual_public_ws/devel/include/pal_vision_msgs/FaceTrackingStop.h)
Linked: (/home/cristian/tiago_dual_public_ws/devel/.private/pal_vision_msgs/include/pal_vision_msgs/FaceRecognitionAction.h, /home/cristian/tiago_dual_public_ws/devel/include/pal_vision_msgs/FaceRecognitionAction.h)
Linked: (/home/cristian/tiago_dual_public_ws/devel/.private/pal_vision_msgs/include/pal_vision_msgs/FaceDetections.h, /home/cristian/tiago_dual_public_ws/devel/include/pal_vision_msgs/FaceDetections.h)
Linked: (/home/cristian/tiago_dual_public_ws/devel/.private/pal_vision_msgs/include/pal_vision_msgs/DetectedObject.h, /home/cristian/tiago_dual_public_ws/devel/include/pal_vision_msgs/DetectedObject.h)
Linked: (/home/cristian/tiago_dual_public_ws/devel/.private/pal_vision_msgs/include/pal_vision_msgs/FollowMeStart.h, /home/cristian/tiago_dual_public_ws/devel/include/pal_vision_msgs/FollowMeStart.h)
Linked: (/home/cristian/tiago_dual_public_ws/devel/.private/pal_vision_msgs/include/pal_vision_msgs/FaceTrackingStopResponse.h, /home/cristian/tiago_dual_public_ws/devel/include/pal_vision_msgs/FaceTrackingStopResponse.h)
Linked: (/home/cristian/tiago_dual_public_ws/devel/.private/pal_vision_msgs/include/pal_vision_msgs/FollowMeResponse.h, /home/cristian/tiago_dual_public_ws/devel/include/pal_vision_msgs/FollowMeResponse.h)
Linked: (/home/cristian/tiago_dual_public_ws/devel/.private/pal_vision_msgs/include/pal_vision_msgs/FaceTrackingStartResponse.h, /home/cristian/tiago_dual_public_ws/devel/include/pal_vision_msgs/FaceTrackingStartResponse.h)
Linked: (/home/cristian/tiago_dual_public_ws/devel/.private/pal_vision_msgs/include/pal_vision_msgs/Gesture.h, /home/cristian/tiago_dual_public_ws/devel/include/pal_vision_msgs/Gesture.h)
Linked: (/home/cristian/tiago_dual_public_ws/devel/.private/pal_vision_msgs/include/pal_vision_msgs/FaceTrackingStartRequest.h, /home/cristian/tiago_dual_public_ws/devel/include/pal_vision_msgs/FaceTrackingStartRequest.h)
Linked: (/home/cristian/tiago_dual_public_ws/devel/.private/pal_vision_msgs/include/pal_vision_msgs/LegDetections.h, /home/cristian/tiago_dual_public_ws/devel/include/pal_vision_msgs/LegDetections.h)
Linked: (/home/cristian/tiago_dual_public_ws/devel/.private/pal_vision_msgs/include/pal_vision_msgs/Rectangle.h, /home/cristian/tiago_dual_public_ws/devel/include/pal_vision_msgs/Rectangle.h)
Linked: (/home/cristian/tiago_dual_public_ws/devel/.private/pal_vision_msgs/include/pal_vision_msgs/FaceRecognitionActionGoal.h, /home/cristian/tiago_dual_public_ws/devel/include/pal_vision_msgs/FaceRecognitionActionGoal.h)
Linked: (/home/cristian/tiago_dual_public_ws/devel/.private/pal_vision_msgs/include/pal_vision_msgs/FaceTrackingStopRequest.h, /home/cristian/tiago_dual_public_ws/devel/include/pal_vision_msgs/FaceTrackingStopRequest.h)
Linked: (/home/cristian/tiago_dual_public_ws/devel/.private/pal_vision_msgs/include/pal_vision_msgs/HogDetections.h, /home/cristian/tiago_dual_public_ws/devel/include/pal_vision_msgs/HogDetections.h)
Linked: (/home/cristian/tiago_dual_public_ws/devel/.private/pal_vision_msgs/lib/pkgconfig/pal_vision_msgs.pc, /home/cristian/tiago_dual_public_ws/devel/lib/pkgconfig/pal_vision_msgs.pc)
Linked: (/home/cristian/tiago_dual_public_ws/devel/.private/pal_vision_msgs/lib/python2.7/dist-packages/pal_vision_msgs/__init__.py, /home/cristian/tiago_dual_public_ws/devel/lib/python2.7/dist-packages/pal_vision_msgs/__init__.py)
Linked: (/home/cristian/tiago_dual_public_ws/devel/.private/pal_vision_msgs/lib/python2.7/dist-packages/pal_vision_msgs/srv/_FaceTrackingStop.py, /home/cristian/tiago_dual_public_ws/devel/lib/python2.7/dist-packages/pal_vision_msgs/srv/_FaceTrackingStop.py)
Linked: (/home/cristian/tiago_dual_public_ws/devel/.private/pal_vision_msgs/lib/python2.7/dist-packages/pal_vision_msgs/srv/__init__.py, /home/cristian/tiago_dual_public_ws/devel/lib/python2.7/dist-packages/pal_vision_msgs/srv/__init__.py)
Linked: (/home/cristian/tiago_dual_public_ws/devel/.private/pal_vision_msgs/lib/python2.7/dist-packages/pal_vision_msgs/srv/_FollowMeStop.py, /home/cristian/tiago_dual_public_ws/devel/lib/python2.7/dist-packages/pal_vision_msgs/srv/_FollowMeStop.py)
Linked: (/home/cristian/tiago_dual_public_ws/devel/.private/pal_vision_msgs/lib/python2.7/dist-packages/pal_vision_msgs/srv/_FollowMeStart.py, /home/cristian/tiago_dual_public_ws/devel/lib/python2.7/dist-packages/pal_vision_msgs/srv/_FollowMeStart.py)
Linked: (/home/cristian/tiago_dual_public_ws/devel/.private/pal_vision_msgs/lib/python2.7/dist-packages/pal_vision_msgs/srv/_LookToPixel.py, /home/cristian/tiago_dual_public_ws/devel/lib/python2.7/dist-packages/pal_vision_msgs/srv/_LookToPixel.py)
Linked: (/home/cristian/tiago_dual_public_ws/devel/.private/pal_vision_msgs/lib/python2.7/dist-packages/pal_vision_msgs/srv/_FaceTrackingStart.py, /home/cristian/tiago_dual_public_ws/devel/lib/python2.7/dist-packages/pal_vision_msgs/srv/_FaceTrackingStart.py)
Linked: (/home/cristian/tiago_dual_public_ws/devel/.private/pal_vision_msgs/lib/python2.7/dist-packages/pal_vision_msgs/msg/_HogDetections.py, /home/cristian/tiago_dual_public_ws/devel/lib/python2.7/dist-packages/pal_vision_msgs/msg/_HogDetections.py)
Linked: (/home/cristian/tiago_dual_public_ws/devel/.private/pal_vision_msgs/lib/python2.7/dist-packages/pal_vision_msgs/msg/_FaceRecognitionActionGoal.py, /home/cristian/tiago_dual_public_ws/devel/lib/python2.7/dist-packages/pal_vision_msgs/msg/_FaceRecognitionActionGoal.py)
Linked: (/home/cristian/tiago_dual_public_ws/devel/.private/pal_vision_msgs/lib/python2.7/dist-packages/pal_vision_msgs/msg/_FaceRecognitionActionResult.py, /home/cristian/tiago_dual_public_ws/devel/lib/python2.7/dist-packages/pal_vision_msgs/msg/_FaceRecognitionActionResult.py)
Linked: (/home/cristian/tiago_dual_public_ws/devel/.private/pal_vision_msgs/lib/python2.7/dist-packages/pal_vision_msgs/msg/_FollowMeResponse.py, /home/cristian/tiago_dual_public_ws/devel/lib/python2.7/dist-packages/pal_vision_msgs/msg/_FollowMeResponse.py)
Linked: (/home/cristian/tiago_dual_public_ws/devel/.private/pal_vision_msgs/lib/python2.7/dist-packages/pal_vision_msgs/msg/_DetectedObject.py, /home/cristian/tiago_dual_public_ws/devel/lib/python2.7/dist-packages/pal_vision_msgs/msg/_DetectedObject.py)
Linked: (/home/cristian/tiago_dual_public_ws/devel/.private/pal_vision_msgs/lib/python2.7/dist-packages/pal_vision_msgs/msg/_Gesture.py, /home/cristian/tiago_dual_public_ws/devel/lib/python2.7/dist-packages/pal_vision_msgs/msg/_Gesture.py)
Linked: (/home/cristian/tiago_dual_public_ws/devel/.private/pal_vision_msgs/lib/python2.7/dist-packages/pal_vision_msgs/msg/_Rectangle.py, /home/cristian/tiago_dual_public_ws/devel/lib/python2.7/dist-packages/pal_vision_msgs/msg/_Rectangle.py)
Linked: (/home/cristian/tiago_dual_public_ws/devel/.private/pal_vision_msgs/lib/python2.7/dist-packages/pal_vision_msgs/msg/_FaceRecognitionGoal.py, /home/cristian/tiago_dual_public_ws/devel/lib/python2.7/dist-packages/pal_vision_msgs/msg/_FaceRecognitionGoal.py)
Linked: (/home/cristian/tiago_dual_public_ws/devel/.private/pal_vision_msgs/lib/python2.7/dist-packages/pal_vision_msgs/msg/_FaceDetections.py, /home/cristian/tiago_dual_public_ws/devel/lib/python2.7/dist-packages/pal_vision_msgs/msg/_FaceDetections.py)
Linked: (/home/cristian/tiago_dual_public_ws/devel/.private/pal_vision_msgs/lib/python2.7/dist-packages/pal_vision_msgs/msg/_HeadPanTilt.py, /home/cristian/tiago_dual_public_ws/devel/lib/python2.7/dist-packages/pal_vision_msgs/msg/_HeadPanTilt.py)
Linked: (/home/cristian/tiago_dual_public_ws/devel/.private/pal_vision_msgs/lib/python2.7/dist-packages/pal_vision_msgs/msg/_DetectedPerson.py, /home/cristian/tiago_dual_public_ws/devel/lib/python2.7/dist-packages/pal_vision_msgs/msg/_DetectedPerson.py)
Linked: (/home/cristian/tiago_dual_public_ws/devel/.private/pal_vision_msgs/lib/python2.7/dist-packages/pal_vision_msgs/msg/__init__.py, /home/cristian/tiago_dual_public_ws/devel/lib/python2.7/dist-packages/pal_vision_msgs/msg/__init__.py)
Linked: (/home/cristian/tiago_dual_public_ws/devel/.private/pal_vision_msgs/lib/python2.7/dist-packages/pal_vision_msgs/msg/_HogDetection.py, /home/cristian/tiago_dual_public_ws/devel/lib/python2.7/dist-packages/pal_vision_msgs/msg/_HogDetection.py)
Linked: (/home/cristian/tiago_dual_public_ws/devel/.private/pal_vision_msgs/lib/python2.7/dist-packages/pal_vision_msgs/msg/_LegDetections.py, /home/cristian/tiago_dual_public_ws/devel/lib/python2.7/dist-packages/pal_vision_msgs/msg/_LegDetections.py)
Linked: (/home/cristian/tiago_dual_public_ws/devel/.private/pal_vision_msgs/lib/python2.7/dist-packages/pal_vision_msgs/msg/_FaceRecognitionAction.py, /home/cristian/tiago_dual_public_ws/devel/lib/python2.7/dist-packages/pal_vision_msgs/msg/_FaceRecognitionAction.py)
Linked: (/home/cristian/tiago_dual_public_ws/devel/.private/pal_vision_msgs/lib/python2.7/dist-packages/pal_vision_msgs/msg/_FaceDetection.py, /home/cristian/tiago_dual_public_ws/devel/lib/python2.7/dist-packages/pal_vision_msgs/msg/_FaceDetection.py)
Linked: (/home/cristian/tiago_dual_public_ws/devel/.private/pal_vision_msgs/lib/python2.7/dist-packages/pal_vision_msgs/msg/_FaceRecognitionFeedback.py, /home/cristian/tiago_dual_public_ws/devel/lib/python2.7/dist-packages/pal_vision_msgs/msg/_FaceRecognitionFeedback.py)
Linked: (/home/cristian/tiago_dual_public_ws/devel/.private/pal_vision_msgs/lib/python2.7/dist-packages/pal_vision_msgs/msg/_FaceRecognitionResult.py, /home/cristian/tiago_dual_public_ws/devel/lib/python2.7/dist-packages/pal_vision_msgs/msg/_FaceRecognitionResult.py)
Linked: (/home/cristian/tiago_dual_public_ws/devel/.private/pal_vision_msgs/lib/python2.7/dist-packages/pal_vision_msgs/msg/_FaceRecognitionActionFeedback.py, /home/cristian/tiago_dual_public_ws/devel/lib/python2.7/dist-packages/pal_vision_msgs/msg/_FaceRecognitionActionFeedback.py)
