Determining if the pthread_create exist failed with the following output:
Change Dir: /home/cristian/tiago_dual_public_ws/build/pal_gazebo_plugins/CMakeFiles/CMakeTmp

Run Build Command:"/usr/bin/make" "cmTC_44310/fast"
/usr/bin/make -f CMakeFiles/cmTC_44310.dir/build.make CMakeFiles/cmTC_44310.dir/build
make[1]: ingresso nella directory "/home/cristian/tiago_dual_public_ws/build/pal_gazebo_plugins/CMakeFiles/CMakeTmp"
Building C object CMakeFiles/cmTC_44310.dir/CheckSymbolExists.c.o
/usr/bin/cc    -o CMakeFiles/cmTC_44310.dir/CheckSymbolExists.c.o   -c /home/cristian/tiago_dual_public_ws/build/pal_gazebo_plugins/CMakeFiles/CMakeTmp/CheckSymbolExists.c
Linking C executable cmTC_44310
/usr/bin/cmake -E cmake_link_script CMakeFiles/cmTC_44310.dir/link.txt --verbose=1
/usr/bin/cc      -rdynamic CMakeFiles/cmTC_44310.dir/CheckSymbolExists.c.o  -o cmTC_44310 
CMakeFiles/cmTC_44310.dir/CheckSymbolExists.c.o: nella funzione "main":
CheckSymbolExists.c:(.text+0x1b): riferimento non definito a "pthread_create"
collect2: error: ld returned 1 exit status
CMakeFiles/cmTC_44310.dir/build.make:97: recipe for target 'cmTC_44310' failed
make[1]: *** [cmTC_44310] Error 1
make[1]: uscita dalla directory "/home/cristian/tiago_dual_public_ws/build/pal_gazebo_plugins/CMakeFiles/CMakeTmp"
Makefile:126: recipe for target 'cmTC_44310/fast' failed
make: *** [cmTC_44310/fast] Error 2

File /home/cristian/tiago_dual_public_ws/build/pal_gazebo_plugins/CMakeFiles/CMakeTmp/CheckSymbolExists.c:
/* */
#include <pthread.h>

int main(int argc, char** argv)
{
  (void)argv;
#ifndef pthread_create
  return ((int*)(&pthread_create))[argc];
#else
  (void)argc;
  return 0;
#endif
}

Determining if the function pthread_create exists in the pthreads failed with the following output:
Change Dir: /home/cristian/tiago_dual_public_ws/build/pal_gazebo_plugins/CMakeFiles/CMakeTmp

Run Build Command:"/usr/bin/make" "cmTC_37491/fast"
/usr/bin/make -f CMakeFiles/cmTC_37491.dir/build.make CMakeFiles/cmTC_37491.dir/build
make[1]: ingresso nella directory "/home/cristian/tiago_dual_public_ws/build/pal_gazebo_plugins/CMakeFiles/CMakeTmp"
Building C object CMakeFiles/cmTC_37491.dir/CheckFunctionExists.c.o
/usr/bin/cc   -DCHECK_FUNCTION_EXISTS=pthread_create   -o CMakeFiles/cmTC_37491.dir/CheckFunctionExists.c.o   -c /usr/share/cmake-3.10/Modules/CheckFunctionExists.c
Linking C executable cmTC_37491
/usr/bin/cmake -E cmake_link_script CMakeFiles/cmTC_37491.dir/link.txt --verbose=1
/usr/bin/cc  -DCHECK_FUNCTION_EXISTS=pthread_create    -rdynamic CMakeFiles/cmTC_37491.dir/CheckFunctionExists.c.o  -o cmTC_37491 -lpthreads 
/usr/bin/ld: impossibile trovare -lpthreads
collect2: error: ld returned 1 exit status
CMakeFiles/cmTC_37491.dir/build.make:97: recipe for target 'cmTC_37491' failed
make[1]: *** [cmTC_37491] Error 1
make[1]: uscita dalla directory "/home/cristian/tiago_dual_public_ws/build/pal_gazebo_plugins/CMakeFiles/CMakeTmp"
Makefile:126: recipe for target 'cmTC_37491/fast' failed
make: *** [cmTC_37491/fast] Error 2


