Linked: (/home/cristian/tiago_dual_public_ws/devel/.private/pal_detection_msgs/share/roseus/ros/pal_detection_msgs/manifest.l, /home/cristian/tiago_dual_public_ws/devel/share/roseus/ros/pal_detection_msgs/manifest.l)
Linked: (/home/cristian/tiago_dual_public_ws/devel/.private/pal_detection_msgs/share/roseus/ros/pal_detection_msgs/srv/StopEnrollment.l, /home/cristian/tiago_dual_public_ws/devel/share/roseus/ros/pal_detection_msgs/srv/StopEnrollment.l)
Linked: (/home/cristian/tiago_dual_public_ws/devel/.private/pal_detection_msgs/share/roseus/ros/pal_detection_msgs/srv/ChangeObjectRecognizerModel.l, /home/cristian/tiago_dual_public_ws/devel/share/roseus/ros/pal_detection_msgs/srv/ChangeObjectRecognizerModel.l)
Linked: (/home/cristian/tiago_dual_public_ws/devel/.private/pal_detection_msgs/share/roseus/ros/pal_detection_msgs/srv/Recognizer.l, /home/cristian/tiago_dual_public_ws/devel/share/roseus/ros/pal_detection_msgs/srv/Recognizer.l)
Linked: (/home/cristian/tiago_dual_public_ws/devel/.private/pal_detection_msgs/share/roseus/ros/pal_detection_msgs/srv/SelectTexturedObject.l, /home/cristian/tiago_dual_public_ws/devel/share/roseus/ros/pal_detection_msgs/srv/SelectTexturedObject.l)
Linked: (/home/cristian/tiago_dual_public_ws/devel/.private/pal_detection_msgs/share/roseus/ros/pal_detection_msgs/srv/StartEnrollment.l, /home/cristian/tiago_dual_public_ws/devel/share/roseus/ros/pal_detection_msgs/srv/StartEnrollment.l)
Linked: (/home/cristian/tiago_dual_public_ws/devel/.private/pal_detection_msgs/share/roseus/ros/pal_detection_msgs/srv/AddTexturedObject.l, /home/cristian/tiago_dual_public_ws/devel/share/roseus/ros/pal_detection_msgs/srv/AddTexturedObject.l)
Linked: (/home/cristian/tiago_dual_public_ws/devel/.private/pal_detection_msgs/share/roseus/ros/pal_detection_msgs/srv/SetDatabase.l, /home/cristian/tiago_dual_public_ws/devel/share/roseus/ros/pal_detection_msgs/srv/SetDatabase.l)
Linked: (/home/cristian/tiago_dual_public_ws/devel/.private/pal_detection_msgs/share/roseus/ros/pal_detection_msgs/msg/LegDetections.l, /home/cristian/tiago_dual_public_ws/devel/share/roseus/ros/pal_detection_msgs/msg/LegDetections.l)
Linked: (/home/cristian/tiago_dual_public_ws/devel/.private/pal_detection_msgs/share/roseus/ros/pal_detection_msgs/msg/WaveDetection.l, /home/cristian/tiago_dual_public_ws/devel/share/roseus/ros/pal_detection_msgs/msg/WaveDetection.l)
Linked: (/home/cristian/tiago_dual_public_ws/devel/.private/pal_detection_msgs/share/roseus/ros/pal_detection_msgs/msg/Detection2d.l, /home/cristian/tiago_dual_public_ws/devel/share/roseus/ros/pal_detection_msgs/msg/Detection2d.l)
Linked: (/home/cristian/tiago_dual_public_ws/devel/.private/pal_detection_msgs/share/roseus/ros/pal_detection_msgs/msg/RecognizeObjectsActionResult.l, /home/cristian/tiago_dual_public_ws/devel/share/roseus/ros/pal_detection_msgs/msg/RecognizeObjectsActionResult.l)
Linked: (/home/cristian/tiago_dual_public_ws/devel/.private/pal_detection_msgs/share/roseus/ros/pal_detection_msgs/msg/RecognizedObject.l, /home/cristian/tiago_dual_public_ws/devel/share/roseus/ros/pal_detection_msgs/msg/RecognizedObject.l)
Linked: (/home/cristian/tiago_dual_public_ws/devel/.private/pal_detection_msgs/share/roseus/ros/pal_detection_msgs/msg/FaceDetections.l, /home/cristian/tiago_dual_public_ws/devel/share/roseus/ros/pal_detection_msgs/msg/FaceDetections.l)
Linked: (/home/cristian/tiago_dual_public_ws/devel/.private/pal_detection_msgs/share/roseus/ros/pal_detection_msgs/msg/FaceDetection.l, /home/cristian/tiago_dual_public_ws/devel/share/roseus/ros/pal_detection_msgs/msg/FaceDetection.l)
Linked: (/home/cristian/tiago_dual_public_ws/devel/.private/pal_detection_msgs/share/roseus/ros/pal_detection_msgs/msg/RecognizeObjectsActionGoal.l, /home/cristian/tiago_dual_public_ws/devel/share/roseus/ros/pal_detection_msgs/msg/RecognizeObjectsActionGoal.l)
Linked: (/home/cristian/tiago_dual_public_ws/devel/.private/pal_detection_msgs/share/roseus/ros/pal_detection_msgs/msg/RecognizeObjectsFeedback.l, /home/cristian/tiago_dual_public_ws/devel/share/roseus/ros/pal_detection_msgs/msg/RecognizeObjectsFeedback.l)
Linked: (/home/cristian/tiago_dual_public_ws/devel/.private/pal_detection_msgs/share/roseus/ros/pal_detection_msgs/msg/RecognizedObjectArray.l, /home/cristian/tiago_dual_public_ws/devel/share/roseus/ros/pal_detection_msgs/msg/RecognizedObjectArray.l)
Linked: (/home/cristian/tiago_dual_public_ws/devel/.private/pal_detection_msgs/share/roseus/ros/pal_detection_msgs/msg/TexturedObjectDetection.l, /home/cristian/tiago_dual_public_ws/devel/share/roseus/ros/pal_detection_msgs/msg/TexturedObjectDetection.l)
Linked: (/home/cristian/tiago_dual_public_ws/devel/.private/pal_detection_msgs/share/roseus/ros/pal_detection_msgs/msg/Detections2d.l, /home/cristian/tiago_dual_public_ws/devel/share/roseus/ros/pal_detection_msgs/msg/Detections2d.l)
Linked: (/home/cristian/tiago_dual_public_ws/devel/.private/pal_detection_msgs/share/roseus/ros/pal_detection_msgs/msg/PersonDetections.l, /home/cristian/tiago_dual_public_ws/devel/share/roseus/ros/pal_detection_msgs/msg/PersonDetections.l)
Linked: (/home/cristian/tiago_dual_public_ws/devel/.private/pal_detection_msgs/share/roseus/ros/pal_detection_msgs/msg/RotatedDetection2d.l, /home/cristian/tiago_dual_public_ws/devel/share/roseus/ros/pal_detection_msgs/msg/RotatedDetection2d.l)
Linked: (/home/cristian/tiago_dual_public_ws/devel/.private/pal_detection_msgs/share/roseus/ros/pal_detection_msgs/msg/RecognizeObjectsAction.l, /home/cristian/tiago_dual_public_ws/devel/share/roseus/ros/pal_detection_msgs/msg/RecognizeObjectsAction.l)
Linked: (/home/cristian/tiago_dual_public_ws/devel/.private/pal_detection_msgs/share/roseus/ros/pal_detection_msgs/msg/RecognizeObjectsActionFeedback.l, /home/cristian/tiago_dual_public_ws/devel/share/roseus/ros/pal_detection_msgs/msg/RecognizeObjectsActionFeedback.l)
Linked: (/home/cristian/tiago_dual_public_ws/devel/.private/pal_detection_msgs/share/roseus/ros/pal_detection_msgs/msg/RecognizeObjectsGoal.l, /home/cristian/tiago_dual_public_ws/devel/share/roseus/ros/pal_detection_msgs/msg/RecognizeObjectsGoal.l)
Linked: (/home/cristian/tiago_dual_public_ws/devel/.private/pal_detection_msgs/share/roseus/ros/pal_detection_msgs/msg/RecognizedActions.l, /home/cristian/tiago_dual_public_ws/devel/share/roseus/ros/pal_detection_msgs/msg/RecognizedActions.l)
Linked: (/home/cristian/tiago_dual_public_ws/devel/.private/pal_detection_msgs/share/roseus/ros/pal_detection_msgs/msg/Gesture.l, /home/cristian/tiago_dual_public_ws/devel/share/roseus/ros/pal_detection_msgs/msg/Gesture.l)
Linked: (/home/cristian/tiago_dual_public_ws/devel/.private/pal_detection_msgs/share/roseus/ros/pal_detection_msgs/msg/RecognizeObjectsResult.l, /home/cristian/tiago_dual_public_ws/devel/share/roseus/ros/pal_detection_msgs/msg/RecognizeObjectsResult.l)
Linked: (/home/cristian/tiago_dual_public_ws/devel/.private/pal_detection_msgs/share/roseus/ros/pal_detection_msgs/msg/PersonDetection.l, /home/cristian/tiago_dual_public_ws/devel/share/roseus/ros/pal_detection_msgs/msg/PersonDetection.l)
Linked: (/home/cristian/tiago_dual_public_ws/devel/.private/pal_detection_msgs/share/common-lisp/ros/pal_detection_msgs/srv/SelectTexturedObject.lisp, /home/cristian/tiago_dual_public_ws/devel/share/common-lisp/ros/pal_detection_msgs/srv/SelectTexturedObject.lisp)
Linked: (/home/cristian/tiago_dual_public_ws/devel/.private/pal_detection_msgs/share/common-lisp/ros/pal_detection_msgs/srv/AddTexturedObject.lisp, /home/cristian/tiago_dual_public_ws/devel/share/common-lisp/ros/pal_detection_msgs/srv/AddTexturedObject.lisp)
Linked: (/home/cristian/tiago_dual_public_ws/devel/.private/pal_detection_msgs/share/common-lisp/ros/pal_detection_msgs/srv/Recognizer.lisp, /home/cristian/tiago_dual_public_ws/devel/share/common-lisp/ros/pal_detection_msgs/srv/Recognizer.lisp)
Linked: (/home/cristian/tiago_dual_public_ws/devel/.private/pal_detection_msgs/share/common-lisp/ros/pal_detection_msgs/srv/_package_StartEnrollment.lisp, /home/cristian/tiago_dual_public_ws/devel/share/common-lisp/ros/pal_detection_msgs/srv/_package_StartEnrollment.lisp)
Linked: (/home/cristian/tiago_dual_public_ws/devel/.private/pal_detection_msgs/share/common-lisp/ros/pal_detection_msgs/srv/_package_Recognizer.lisp, /home/cristian/tiago_dual_public_ws/devel/share/common-lisp/ros/pal_detection_msgs/srv/_package_Recognizer.lisp)
Linked: (/home/cristian/tiago_dual_public_ws/devel/.private/pal_detection_msgs/share/common-lisp/ros/pal_detection_msgs/srv/pal_detection_msgs-srv.asd, /home/cristian/tiago_dual_public_ws/devel/share/common-lisp/ros/pal_detection_msgs/srv/pal_detection_msgs-srv.asd)
Linked: (/home/cristian/tiago_dual_public_ws/devel/.private/pal_detection_msgs/share/common-lisp/ros/pal_detection_msgs/srv/StopEnrollment.lisp, /home/cristian/tiago_dual_public_ws/devel/share/common-lisp/ros/pal_detection_msgs/srv/StopEnrollment.lisp)
Linked: (/home/cristian/tiago_dual_public_ws/devel/.private/pal_detection_msgs/share/common-lisp/ros/pal_detection_msgs/srv/_package_AddTexturedObject.lisp, /home/cristian/tiago_dual_public_ws/devel/share/common-lisp/ros/pal_detection_msgs/srv/_package_AddTexturedObject.lisp)
Linked: (/home/cristian/tiago_dual_public_ws/devel/.private/pal_detection_msgs/share/common-lisp/ros/pal_detection_msgs/srv/_package_StopEnrollment.lisp, /home/cristian/tiago_dual_public_ws/devel/share/common-lisp/ros/pal_detection_msgs/srv/_package_StopEnrollment.lisp)
Linked: (/home/cristian/tiago_dual_public_ws/devel/.private/pal_detection_msgs/share/common-lisp/ros/pal_detection_msgs/srv/SetDatabase.lisp, /home/cristian/tiago_dual_public_ws/devel/share/common-lisp/ros/pal_detection_msgs/srv/SetDatabase.lisp)
Linked: (/home/cristian/tiago_dual_public_ws/devel/.private/pal_detection_msgs/share/common-lisp/ros/pal_detection_msgs/srv/_package_ChangeObjectRecognizerModel.lisp, /home/cristian/tiago_dual_public_ws/devel/share/common-lisp/ros/pal_detection_msgs/srv/_package_ChangeObjectRecognizerModel.lisp)
Linked: (/home/cristian/tiago_dual_public_ws/devel/.private/pal_detection_msgs/share/common-lisp/ros/pal_detection_msgs/srv/StartEnrollment.lisp, /home/cristian/tiago_dual_public_ws/devel/share/common-lisp/ros/pal_detection_msgs/srv/StartEnrollment.lisp)
Linked: (/home/cristian/tiago_dual_public_ws/devel/.private/pal_detection_msgs/share/common-lisp/ros/pal_detection_msgs/srv/_package_SelectTexturedObject.lisp, /home/cristian/tiago_dual_public_ws/devel/share/common-lisp/ros/pal_detection_msgs/srv/_package_SelectTexturedObject.lisp)
Linked: (/home/cristian/tiago_dual_public_ws/devel/.private/pal_detection_msgs/share/common-lisp/ros/pal_detection_msgs/srv/_package_SetDatabase.lisp, /home/cristian/tiago_dual_public_ws/devel/share/common-lisp/ros/pal_detection_msgs/srv/_package_SetDatabase.lisp)
Linked: (/home/cristian/tiago_dual_public_ws/devel/.private/pal_detection_msgs/share/common-lisp/ros/pal_detection_msgs/srv/ChangeObjectRecognizerModel.lisp, /home/cristian/tiago_dual_public_ws/devel/share/common-lisp/ros/pal_detection_msgs/srv/ChangeObjectRecognizerModel.lisp)
Linked: (/home/cristian/tiago_dual_public_ws/devel/.private/pal_detection_msgs/share/common-lisp/ros/pal_detection_msgs/srv/_package.lisp, /home/cristian/tiago_dual_public_ws/devel/share/common-lisp/ros/pal_detection_msgs/srv/_package.lisp)
Linked: (/home/cristian/tiago_dual_public_ws/devel/.private/pal_detection_msgs/share/common-lisp/ros/pal_detection_msgs/msg/_package_RecognizeObjectsFeedback.lisp, /home/cristian/tiago_dual_public_ws/devel/share/common-lisp/ros/pal_detection_msgs/msg/_package_RecognizeObjectsFeedback.lisp)
Linked: (/home/cristian/tiago_dual_public_ws/devel/.private/pal_detection_msgs/share/common-lisp/ros/pal_detection_msgs/msg/_package_RecognizeObjectsGoal.lisp, /home/cristian/tiago_dual_public_ws/devel/share/common-lisp/ros/pal_detection_msgs/msg/_package_RecognizeObjectsGoal.lisp)
Linked: (/home/cristian/tiago_dual_public_ws/devel/.private/pal_detection_msgs/share/common-lisp/ros/pal_detection_msgs/msg/_package_FaceDetection.lisp, /home/cristian/tiago_dual_public_ws/devel/share/common-lisp/ros/pal_detection_msgs/msg/_package_FaceDetection.lisp)
Linked: (/home/cristian/tiago_dual_public_ws/devel/.private/pal_detection_msgs/share/common-lisp/ros/pal_detection_msgs/msg/LegDetections.lisp, /home/cristian/tiago_dual_public_ws/devel/share/common-lisp/ros/pal_detection_msgs/msg/LegDetections.lisp)
Linked: (/home/cristian/tiago_dual_public_ws/devel/.private/pal_detection_msgs/share/common-lisp/ros/pal_detection_msgs/msg/Detection2d.lisp, /home/cristian/tiago_dual_public_ws/devel/share/common-lisp/ros/pal_detection_msgs/msg/Detection2d.lisp)
Linked: (/home/cristian/tiago_dual_public_ws/devel/.private/pal_detection_msgs/share/common-lisp/ros/pal_detection_msgs/msg/PersonDetection.lisp, /home/cristian/tiago_dual_public_ws/devel/share/common-lisp/ros/pal_detection_msgs/msg/PersonDetection.lisp)
Linked: (/home/cristian/tiago_dual_public_ws/devel/.private/pal_detection_msgs/share/common-lisp/ros/pal_detection_msgs/msg/_package_RecognizeObjectsResult.lisp, /home/cristian/tiago_dual_public_ws/devel/share/common-lisp/ros/pal_detection_msgs/msg/_package_RecognizeObjectsResult.lisp)
Linked: (/home/cristian/tiago_dual_public_ws/devel/.private/pal_detection_msgs/share/common-lisp/ros/pal_detection_msgs/msg/_package_PersonDetection.lisp, /home/cristian/tiago_dual_public_ws/devel/share/common-lisp/ros/pal_detection_msgs/msg/_package_PersonDetection.lisp)
Linked: (/home/cristian/tiago_dual_public_ws/devel/.private/pal_detection_msgs/share/common-lisp/ros/pal_detection_msgs/msg/RecognizeObjectsActionResult.lisp, /home/cristian/tiago_dual_public_ws/devel/share/common-lisp/ros/pal_detection_msgs/msg/RecognizeObjectsActionResult.lisp)
Linked: (/home/cristian/tiago_dual_public_ws/devel/.private/pal_detection_msgs/share/common-lisp/ros/pal_detection_msgs/msg/_package_RecognizeObjectsActionResult.lisp, /home/cristian/tiago_dual_public_ws/devel/share/common-lisp/ros/pal_detection_msgs/msg/_package_RecognizeObjectsActionResult.lisp)
Linked: (/home/cristian/tiago_dual_public_ws/devel/.private/pal_detection_msgs/share/common-lisp/ros/pal_detection_msgs/msg/FaceDetections.lisp, /home/cristian/tiago_dual_public_ws/devel/share/common-lisp/ros/pal_detection_msgs/msg/FaceDetections.lisp)
Linked: (/home/cristian/tiago_dual_public_ws/devel/.private/pal_detection_msgs/share/common-lisp/ros/pal_detection_msgs/msg/_package_FaceDetections.lisp, /home/cristian/tiago_dual_public_ws/devel/share/common-lisp/ros/pal_detection_msgs/msg/_package_FaceDetections.lisp)
Linked: (/home/cristian/tiago_dual_public_ws/devel/.private/pal_detection_msgs/share/common-lisp/ros/pal_detection_msgs/msg/TexturedObjectDetection.lisp, /home/cristian/tiago_dual_public_ws/devel/share/common-lisp/ros/pal_detection_msgs/msg/TexturedObjectDetection.lisp)
Linked: (/home/cristian/tiago_dual_public_ws/devel/.private/pal_detection_msgs/share/common-lisp/ros/pal_detection_msgs/msg/_package_PersonDetections.lisp, /home/cristian/tiago_dual_public_ws/devel/share/common-lisp/ros/pal_detection_msgs/msg/_package_PersonDetections.lisp)
Linked: (/home/cristian/tiago_dual_public_ws/devel/.private/pal_detection_msgs/share/common-lisp/ros/pal_detection_msgs/msg/PersonDetections.lisp, /home/cristian/tiago_dual_public_ws/devel/share/common-lisp/ros/pal_detection_msgs/msg/PersonDetections.lisp)
Linked: (/home/cristian/tiago_dual_public_ws/devel/.private/pal_detection_msgs/share/common-lisp/ros/pal_detection_msgs/msg/_package_RecognizedActions.lisp, /home/cristian/tiago_dual_public_ws/devel/share/common-lisp/ros/pal_detection_msgs/msg/_package_RecognizedActions.lisp)
Linked: (/home/cristian/tiago_dual_public_ws/devel/.private/pal_detection_msgs/share/common-lisp/ros/pal_detection_msgs/msg/FaceDetection.lisp, /home/cristian/tiago_dual_public_ws/devel/share/common-lisp/ros/pal_detection_msgs/msg/FaceDetection.lisp)
Linked: (/home/cristian/tiago_dual_public_ws/devel/.private/pal_detection_msgs/share/common-lisp/ros/pal_detection_msgs/msg/RecognizeObjectsAction.lisp, /home/cristian/tiago_dual_public_ws/devel/share/common-lisp/ros/pal_detection_msgs/msg/RecognizeObjectsAction.lisp)
Linked: (/home/cristian/tiago_dual_public_ws/devel/.private/pal_detection_msgs/share/common-lisp/ros/pal_detection_msgs/msg/_package_LegDetections.lisp, /home/cristian/tiago_dual_public_ws/devel/share/common-lisp/ros/pal_detection_msgs/msg/_package_LegDetections.lisp)
Linked: (/home/cristian/tiago_dual_public_ws/devel/.private/pal_detection_msgs/share/common-lisp/ros/pal_detection_msgs/msg/_package_WaveDetection.lisp, /home/cristian/tiago_dual_public_ws/devel/share/common-lisp/ros/pal_detection_msgs/msg/_package_WaveDetection.lisp)
Linked: (/home/cristian/tiago_dual_public_ws/devel/.private/pal_detection_msgs/share/common-lisp/ros/pal_detection_msgs/msg/_package_Detection2d.lisp, /home/cristian/tiago_dual_public_ws/devel/share/common-lisp/ros/pal_detection_msgs/msg/_package_Detection2d.lisp)
Linked: (/home/cristian/tiago_dual_public_ws/devel/.private/pal_detection_msgs/share/common-lisp/ros/pal_detection_msgs/msg/Detections2d.lisp, /home/cristian/tiago_dual_public_ws/devel/share/common-lisp/ros/pal_detection_msgs/msg/Detections2d.lisp)
Linked: (/home/cristian/tiago_dual_public_ws/devel/.private/pal_detection_msgs/share/common-lisp/ros/pal_detection_msgs/msg/_package_RecognizedObject.lisp, /home/cristian/tiago_dual_public_ws/devel/share/common-lisp/ros/pal_detection_msgs/msg/_package_RecognizedObject.lisp)
Linked: (/home/cristian/tiago_dual_public_ws/devel/.private/pal_detection_msgs/share/common-lisp/ros/pal_detection_msgs/msg/RecognizeObjectsFeedback.lisp, /home/cristian/tiago_dual_public_ws/devel/share/common-lisp/ros/pal_detection_msgs/msg/RecognizeObjectsFeedback.lisp)
Linked: (/home/cristian/tiago_dual_public_ws/devel/.private/pal_detection_msgs/share/common-lisp/ros/pal_detection_msgs/msg/_package_RecognizeObjectsAction.lisp, /home/cristian/tiago_dual_public_ws/devel/share/common-lisp/ros/pal_detection_msgs/msg/_package_RecognizeObjectsAction.lisp)
Linked: (/home/cristian/tiago_dual_public_ws/devel/.private/pal_detection_msgs/share/common-lisp/ros/pal_detection_msgs/msg/Gesture.lisp, /home/cristian/tiago_dual_public_ws/devel/share/common-lisp/ros/pal_detection_msgs/msg/Gesture.lisp)
Linked: (/home/cristian/tiago_dual_public_ws/devel/.private/pal_detection_msgs/share/common-lisp/ros/pal_detection_msgs/msg/_package_Detections2d.lisp, /home/cristian/tiago_dual_public_ws/devel/share/common-lisp/ros/pal_detection_msgs/msg/_package_Detections2d.lisp)
Linked: (/home/cristian/tiago_dual_public_ws/devel/.private/pal_detection_msgs/share/common-lisp/ros/pal_detection_msgs/msg/_package_RecognizeObjectsActionGoal.lisp, /home/cristian/tiago_dual_public_ws/devel/share/common-lisp/ros/pal_detection_msgs/msg/_package_RecognizeObjectsActionGoal.lisp)
Linked: (/home/cristian/tiago_dual_public_ws/devel/.private/pal_detection_msgs/share/common-lisp/ros/pal_detection_msgs/msg/RotatedDetection2d.lisp, /home/cristian/tiago_dual_public_ws/devel/share/common-lisp/ros/pal_detection_msgs/msg/RotatedDetection2d.lisp)
Linked: (/home/cristian/tiago_dual_public_ws/devel/.private/pal_detection_msgs/share/common-lisp/ros/pal_detection_msgs/msg/_package_RotatedDetection2d.lisp, /home/cristian/tiago_dual_public_ws/devel/share/common-lisp/ros/pal_detection_msgs/msg/_package_RotatedDetection2d.lisp)
Linked: (/home/cristian/tiago_dual_public_ws/devel/.private/pal_detection_msgs/share/common-lisp/ros/pal_detection_msgs/msg/_package_RecognizeObjectsActionFeedback.lisp, /home/cristian/tiago_dual_public_ws/devel/share/common-lisp/ros/pal_detection_msgs/msg/_package_RecognizeObjectsActionFeedback.lisp)
Linked: (/home/cristian/tiago_dual_public_ws/devel/.private/pal_detection_msgs/share/common-lisp/ros/pal_detection_msgs/msg/RecognizedObjectArray.lisp, /home/cristian/tiago_dual_public_ws/devel/share/common-lisp/ros/pal_detection_msgs/msg/RecognizedObjectArray.lisp)
Linked: (/home/cristian/tiago_dual_public_ws/devel/.private/pal_detection_msgs/share/common-lisp/ros/pal_detection_msgs/msg/RecognizeObjectsGoal.lisp, /home/cristian/tiago_dual_public_ws/devel/share/common-lisp/ros/pal_detection_msgs/msg/RecognizeObjectsGoal.lisp)
Linked: (/home/cristian/tiago_dual_public_ws/devel/.private/pal_detection_msgs/share/common-lisp/ros/pal_detection_msgs/msg/RecognizedObject.lisp, /home/cristian/tiago_dual_public_ws/devel/share/common-lisp/ros/pal_detection_msgs/msg/RecognizedObject.lisp)
Linked: (/home/cristian/tiago_dual_public_ws/devel/.private/pal_detection_msgs/share/common-lisp/ros/pal_detection_msgs/msg/_package_TexturedObjectDetection.lisp, /home/cristian/tiago_dual_public_ws/devel/share/common-lisp/ros/pal_detection_msgs/msg/_package_TexturedObjectDetection.lisp)
Linked: (/home/cristian/tiago_dual_public_ws/devel/.private/pal_detection_msgs/share/common-lisp/ros/pal_detection_msgs/msg/RecognizeObjectsActionGoal.lisp, /home/cristian/tiago_dual_public_ws/devel/share/common-lisp/ros/pal_detection_msgs/msg/RecognizeObjectsActionGoal.lisp)
Linked: (/home/cristian/tiago_dual_public_ws/devel/.private/pal_detection_msgs/share/common-lisp/ros/pal_detection_msgs/msg/pal_detection_msgs-msg.asd, /home/cristian/tiago_dual_public_ws/devel/share/common-lisp/ros/pal_detection_msgs/msg/pal_detection_msgs-msg.asd)
Linked: (/home/cristian/tiago_dual_public_ws/devel/.private/pal_detection_msgs/share/common-lisp/ros/pal_detection_msgs/msg/RecognizeObjectsActionFeedback.lisp, /home/cristian/tiago_dual_public_ws/devel/share/common-lisp/ros/pal_detection_msgs/msg/RecognizeObjectsActionFeedback.lisp)
Linked: (/home/cristian/tiago_dual_public_ws/devel/.private/pal_detection_msgs/share/common-lisp/ros/pal_detection_msgs/msg/WaveDetection.lisp, /home/cristian/tiago_dual_public_ws/devel/share/common-lisp/ros/pal_detection_msgs/msg/WaveDetection.lisp)
Linked: (/home/cristian/tiago_dual_public_ws/devel/.private/pal_detection_msgs/share/common-lisp/ros/pal_detection_msgs/msg/RecognizeObjectsResult.lisp, /home/cristian/tiago_dual_public_ws/devel/share/common-lisp/ros/pal_detection_msgs/msg/RecognizeObjectsResult.lisp)
Linked: (/home/cristian/tiago_dual_public_ws/devel/.private/pal_detection_msgs/share/common-lisp/ros/pal_detection_msgs/msg/RecognizedActions.lisp, /home/cristian/tiago_dual_public_ws/devel/share/common-lisp/ros/pal_detection_msgs/msg/RecognizedActions.lisp)
Linked: (/home/cristian/tiago_dual_public_ws/devel/.private/pal_detection_msgs/share/common-lisp/ros/pal_detection_msgs/msg/_package_RecognizedObjectArray.lisp, /home/cristian/tiago_dual_public_ws/devel/share/common-lisp/ros/pal_detection_msgs/msg/_package_RecognizedObjectArray.lisp)
Linked: (/home/cristian/tiago_dual_public_ws/devel/.private/pal_detection_msgs/share/common-lisp/ros/pal_detection_msgs/msg/_package_Gesture.lisp, /home/cristian/tiago_dual_public_ws/devel/share/common-lisp/ros/pal_detection_msgs/msg/_package_Gesture.lisp)
Linked: (/home/cristian/tiago_dual_public_ws/devel/.private/pal_detection_msgs/share/common-lisp/ros/pal_detection_msgs/msg/_package.lisp, /home/cristian/tiago_dual_public_ws/devel/share/common-lisp/ros/pal_detection_msgs/msg/_package.lisp)
Linked: (/home/cristian/tiago_dual_public_ws/devel/.private/pal_detection_msgs/share/pal_detection_msgs/msg/RecognizeObjectsAction.msg, /home/cristian/tiago_dual_public_ws/devel/share/pal_detection_msgs/msg/RecognizeObjectsAction.msg)
Linked: (/home/cristian/tiago_dual_public_ws/devel/.private/pal_detection_msgs/share/pal_detection_msgs/msg/RecognizeObjectsResult.msg, /home/cristian/tiago_dual_public_ws/devel/share/pal_detection_msgs/msg/RecognizeObjectsResult.msg)
Linked: (/home/cristian/tiago_dual_public_ws/devel/.private/pal_detection_msgs/share/pal_detection_msgs/msg/RecognizeObjectsActionGoal.msg, /home/cristian/tiago_dual_public_ws/devel/share/pal_detection_msgs/msg/RecognizeObjectsActionGoal.msg)
Linked: (/home/cristian/tiago_dual_public_ws/devel/.private/pal_detection_msgs/share/pal_detection_msgs/msg/RecognizeObjectsGoal.msg, /home/cristian/tiago_dual_public_ws/devel/share/pal_detection_msgs/msg/RecognizeObjectsGoal.msg)
Linked: (/home/cristian/tiago_dual_public_ws/devel/.private/pal_detection_msgs/share/pal_detection_msgs/msg/RecognizeObjectsActionFeedback.msg, /home/cristian/tiago_dual_public_ws/devel/share/pal_detection_msgs/msg/RecognizeObjectsActionFeedback.msg)
Linked: (/home/cristian/tiago_dual_public_ws/devel/.private/pal_detection_msgs/share/pal_detection_msgs/msg/RecognizeObjectsFeedback.msg, /home/cristian/tiago_dual_public_ws/devel/share/pal_detection_msgs/msg/RecognizeObjectsFeedback.msg)
Linked: (/home/cristian/tiago_dual_public_ws/devel/.private/pal_detection_msgs/share/pal_detection_msgs/msg/RecognizeObjectsActionResult.msg, /home/cristian/tiago_dual_public_ws/devel/share/pal_detection_msgs/msg/RecognizeObjectsActionResult.msg)
Linked: (/home/cristian/tiago_dual_public_ws/devel/.private/pal_detection_msgs/share/pal_detection_msgs/cmake/pal_detection_msgsConfig.cmake, /home/cristian/tiago_dual_public_ws/devel/share/pal_detection_msgs/cmake/pal_detection_msgsConfig.cmake)
Linked: (/home/cristian/tiago_dual_public_ws/devel/.private/pal_detection_msgs/share/pal_detection_msgs/cmake/pal_detection_msgs-msg-paths.cmake, /home/cristian/tiago_dual_public_ws/devel/share/pal_detection_msgs/cmake/pal_detection_msgs-msg-paths.cmake)
Linked: (/home/cristian/tiago_dual_public_ws/devel/.private/pal_detection_msgs/share/pal_detection_msgs/cmake/pal_detection_msgs-msg-extras.cmake, /home/cristian/tiago_dual_public_ws/devel/share/pal_detection_msgs/cmake/pal_detection_msgs-msg-extras.cmake)
Linked: (/home/cristian/tiago_dual_public_ws/devel/.private/pal_detection_msgs/share/pal_detection_msgs/cmake/pal_detection_msgsConfig-version.cmake, /home/cristian/tiago_dual_public_ws/devel/share/pal_detection_msgs/cmake/pal_detection_msgsConfig-version.cmake)
Linked: (/home/cristian/tiago_dual_public_ws/devel/.private/pal_detection_msgs/share/gennodejs/ros/pal_detection_msgs/_index.js, /home/cristian/tiago_dual_public_ws/devel/share/gennodejs/ros/pal_detection_msgs/_index.js)
Linked: (/home/cristian/tiago_dual_public_ws/devel/.private/pal_detection_msgs/share/gennodejs/ros/pal_detection_msgs/srv/SetDatabase.js, /home/cristian/tiago_dual_public_ws/devel/share/gennodejs/ros/pal_detection_msgs/srv/SetDatabase.js)
Linked: (/home/cristian/tiago_dual_public_ws/devel/.private/pal_detection_msgs/share/gennodejs/ros/pal_detection_msgs/srv/AddTexturedObject.js, /home/cristian/tiago_dual_public_ws/devel/share/gennodejs/ros/pal_detection_msgs/srv/AddTexturedObject.js)
Linked: (/home/cristian/tiago_dual_public_ws/devel/.private/pal_detection_msgs/share/gennodejs/ros/pal_detection_msgs/srv/Recognizer.js, /home/cristian/tiago_dual_public_ws/devel/share/gennodejs/ros/pal_detection_msgs/srv/Recognizer.js)
Linked: (/home/cristian/tiago_dual_public_ws/devel/.private/pal_detection_msgs/share/gennodejs/ros/pal_detection_msgs/srv/StopEnrollment.js, /home/cristian/tiago_dual_public_ws/devel/share/gennodejs/ros/pal_detection_msgs/srv/StopEnrollment.js)
Linked: (/home/cristian/tiago_dual_public_ws/devel/.private/pal_detection_msgs/share/gennodejs/ros/pal_detection_msgs/srv/StartEnrollment.js, /home/cristian/tiago_dual_public_ws/devel/share/gennodejs/ros/pal_detection_msgs/srv/StartEnrollment.js)
Linked: (/home/cristian/tiago_dual_public_ws/devel/.private/pal_detection_msgs/share/gennodejs/ros/pal_detection_msgs/srv/SelectTexturedObject.js, /home/cristian/tiago_dual_public_ws/devel/share/gennodejs/ros/pal_detection_msgs/srv/SelectTexturedObject.js)
Linked: (/home/cristian/tiago_dual_public_ws/devel/.private/pal_detection_msgs/share/gennodejs/ros/pal_detection_msgs/srv/_index.js, /home/cristian/tiago_dual_public_ws/devel/share/gennodejs/ros/pal_detection_msgs/srv/_index.js)
Linked: (/home/cristian/tiago_dual_public_ws/devel/.private/pal_detection_msgs/share/gennodejs/ros/pal_detection_msgs/srv/ChangeObjectRecognizerModel.js, /home/cristian/tiago_dual_public_ws/devel/share/gennodejs/ros/pal_detection_msgs/srv/ChangeObjectRecognizerModel.js)
Linked: (/home/cristian/tiago_dual_public_ws/devel/.private/pal_detection_msgs/share/gennodejs/ros/pal_detection_msgs/msg/RecognizeObjectsActionGoal.js, /home/cristian/tiago_dual_public_ws/devel/share/gennodejs/ros/pal_detection_msgs/msg/RecognizeObjectsActionGoal.js)
Linked: (/home/cristian/tiago_dual_public_ws/devel/.private/pal_detection_msgs/share/gennodejs/ros/pal_detection_msgs/msg/TexturedObjectDetection.js, /home/cristian/tiago_dual_public_ws/devel/share/gennodejs/ros/pal_detection_msgs/msg/TexturedObjectDetection.js)
Linked: (/home/cristian/tiago_dual_public_ws/devel/.private/pal_detection_msgs/share/gennodejs/ros/pal_detection_msgs/msg/RecognizeObjectsGoal.js, /home/cristian/tiago_dual_public_ws/devel/share/gennodejs/ros/pal_detection_msgs/msg/RecognizeObjectsGoal.js)
Linked: (/home/cristian/tiago_dual_public_ws/devel/.private/pal_detection_msgs/share/gennodejs/ros/pal_detection_msgs/msg/WaveDetection.js, /home/cristian/tiago_dual_public_ws/devel/share/gennodejs/ros/pal_detection_msgs/msg/WaveDetection.js)
Linked: (/home/cristian/tiago_dual_public_ws/devel/.private/pal_detection_msgs/share/gennodejs/ros/pal_detection_msgs/msg/RecognizeObjectsActionResult.js, /home/cristian/tiago_dual_public_ws/devel/share/gennodejs/ros/pal_detection_msgs/msg/RecognizeObjectsActionResult.js)
Linked: (/home/cristian/tiago_dual_public_ws/devel/.private/pal_detection_msgs/share/gennodejs/ros/pal_detection_msgs/msg/PersonDetection.js, /home/cristian/tiago_dual_public_ws/devel/share/gennodejs/ros/pal_detection_msgs/msg/PersonDetection.js)
Linked: (/home/cristian/tiago_dual_public_ws/devel/.private/pal_detection_msgs/share/gennodejs/ros/pal_detection_msgs/msg/RecognizedActions.js, /home/cristian/tiago_dual_public_ws/devel/share/gennodejs/ros/pal_detection_msgs/msg/RecognizedActions.js)
Linked: (/home/cristian/tiago_dual_public_ws/devel/.private/pal_detection_msgs/share/gennodejs/ros/pal_detection_msgs/msg/FaceDetections.js, /home/cristian/tiago_dual_public_ws/devel/share/gennodejs/ros/pal_detection_msgs/msg/FaceDetections.js)
Linked: (/home/cristian/tiago_dual_public_ws/devel/.private/pal_detection_msgs/share/gennodejs/ros/pal_detection_msgs/msg/PersonDetections.js, /home/cristian/tiago_dual_public_ws/devel/share/gennodejs/ros/pal_detection_msgs/msg/PersonDetections.js)
Linked: (/home/cristian/tiago_dual_public_ws/devel/.private/pal_detection_msgs/share/gennodejs/ros/pal_detection_msgs/msg/Gesture.js, /home/cristian/tiago_dual_public_ws/devel/share/gennodejs/ros/pal_detection_msgs/msg/Gesture.js)
Linked: (/home/cristian/tiago_dual_public_ws/devel/.private/pal_detection_msgs/share/gennodejs/ros/pal_detection_msgs/msg/Detections2d.js, /home/cristian/tiago_dual_public_ws/devel/share/gennodejs/ros/pal_detection_msgs/msg/Detections2d.js)
Linked: (/home/cristian/tiago_dual_public_ws/devel/.private/pal_detection_msgs/share/gennodejs/ros/pal_detection_msgs/msg/RecognizeObjectsFeedback.js, /home/cristian/tiago_dual_public_ws/devel/share/gennodejs/ros/pal_detection_msgs/msg/RecognizeObjectsFeedback.js)
Linked: (/home/cristian/tiago_dual_public_ws/devel/.private/pal_detection_msgs/share/gennodejs/ros/pal_detection_msgs/msg/LegDetections.js, /home/cristian/tiago_dual_public_ws/devel/share/gennodejs/ros/pal_detection_msgs/msg/LegDetections.js)
Linked: (/home/cristian/tiago_dual_public_ws/devel/.private/pal_detection_msgs/share/gennodejs/ros/pal_detection_msgs/msg/RecognizeObjectsActionFeedback.js, /home/cristian/tiago_dual_public_ws/devel/share/gennodejs/ros/pal_detection_msgs/msg/RecognizeObjectsActionFeedback.js)
Linked: (/home/cristian/tiago_dual_public_ws/devel/.private/pal_detection_msgs/share/gennodejs/ros/pal_detection_msgs/msg/FaceDetection.js, /home/cristian/tiago_dual_public_ws/devel/share/gennodejs/ros/pal_detection_msgs/msg/FaceDetection.js)
Linked: (/home/cristian/tiago_dual_public_ws/devel/.private/pal_detection_msgs/share/gennodejs/ros/pal_detection_msgs/msg/RecognizeObjectsAction.js, /home/cristian/tiago_dual_public_ws/devel/share/gennodejs/ros/pal_detection_msgs/msg/RecognizeObjectsAction.js)
Linked: (/home/cristian/tiago_dual_public_ws/devel/.private/pal_detection_msgs/share/gennodejs/ros/pal_detection_msgs/msg/_index.js, /home/cristian/tiago_dual_public_ws/devel/share/gennodejs/ros/pal_detection_msgs/msg/_index.js)
Linked: (/home/cristian/tiago_dual_public_ws/devel/.private/pal_detection_msgs/share/gennodejs/ros/pal_detection_msgs/msg/RecognizeObjectsResult.js, /home/cristian/tiago_dual_public_ws/devel/share/gennodejs/ros/pal_detection_msgs/msg/RecognizeObjectsResult.js)
Linked: (/home/cristian/tiago_dual_public_ws/devel/.private/pal_detection_msgs/share/gennodejs/ros/pal_detection_msgs/msg/RecognizedObject.js, /home/cristian/tiago_dual_public_ws/devel/share/gennodejs/ros/pal_detection_msgs/msg/RecognizedObject.js)
Linked: (/home/cristian/tiago_dual_public_ws/devel/.private/pal_detection_msgs/share/gennodejs/ros/pal_detection_msgs/msg/Detection2d.js, /home/cristian/tiago_dual_public_ws/devel/share/gennodejs/ros/pal_detection_msgs/msg/Detection2d.js)
Linked: (/home/cristian/tiago_dual_public_ws/devel/.private/pal_detection_msgs/share/gennodejs/ros/pal_detection_msgs/msg/RotatedDetection2d.js, /home/cristian/tiago_dual_public_ws/devel/share/gennodejs/ros/pal_detection_msgs/msg/RotatedDetection2d.js)
Linked: (/home/cristian/tiago_dual_public_ws/devel/.private/pal_detection_msgs/share/gennodejs/ros/pal_detection_msgs/msg/RecognizedObjectArray.js, /home/cristian/tiago_dual_public_ws/devel/share/gennodejs/ros/pal_detection_msgs/msg/RecognizedObjectArray.js)
Linked: (/home/cristian/tiago_dual_public_ws/devel/.private/pal_detection_msgs/include/pal_detection_msgs/RecognizeObjectsActionGoal.h, /home/cristian/tiago_dual_public_ws/devel/include/pal_detection_msgs/RecognizeObjectsActionGoal.h)
Linked: (/home/cristian/tiago_dual_public_ws/devel/.private/pal_detection_msgs/include/pal_detection_msgs/RotatedDetection2d.h, /home/cristian/tiago_dual_public_ws/devel/include/pal_detection_msgs/RotatedDetection2d.h)
Linked: (/home/cristian/tiago_dual_public_ws/devel/.private/pal_detection_msgs/include/pal_detection_msgs/Recognizer.h, /home/cristian/tiago_dual_public_ws/devel/include/pal_detection_msgs/Recognizer.h)
Linked: (/home/cristian/tiago_dual_public_ws/devel/.private/pal_detection_msgs/include/pal_detection_msgs/Detection2d.h, /home/cristian/tiago_dual_public_ws/devel/include/pal_detection_msgs/Detection2d.h)
Linked: (/home/cristian/tiago_dual_public_ws/devel/.private/pal_detection_msgs/include/pal_detection_msgs/RecognizeObjectsActionResult.h, /home/cristian/tiago_dual_public_ws/devel/include/pal_detection_msgs/RecognizeObjectsActionResult.h)
Linked: (/home/cristian/tiago_dual_public_ws/devel/.private/pal_detection_msgs/include/pal_detection_msgs/RecognizedActions.h, /home/cristian/tiago_dual_public_ws/devel/include/pal_detection_msgs/RecognizedActions.h)
Linked: (/home/cristian/tiago_dual_public_ws/devel/.private/pal_detection_msgs/include/pal_detection_msgs/RecognizedObjectArray.h, /home/cristian/tiago_dual_public_ws/devel/include/pal_detection_msgs/RecognizedObjectArray.h)
Linked: (/home/cristian/tiago_dual_public_ws/devel/.private/pal_detection_msgs/include/pal_detection_msgs/ChangeObjectRecognizerModel.h, /home/cristian/tiago_dual_public_ws/devel/include/pal_detection_msgs/ChangeObjectRecognizerModel.h)
Linked: (/home/cristian/tiago_dual_public_ws/devel/.private/pal_detection_msgs/include/pal_detection_msgs/RecognizerResponse.h, /home/cristian/tiago_dual_public_ws/devel/include/pal_detection_msgs/RecognizerResponse.h)
Linked: (/home/cristian/tiago_dual_public_ws/devel/.private/pal_detection_msgs/include/pal_detection_msgs/RecognizeObjectsActionFeedback.h, /home/cristian/tiago_dual_public_ws/devel/include/pal_detection_msgs/RecognizeObjectsActionFeedback.h)
Linked: (/home/cristian/tiago_dual_public_ws/devel/.private/pal_detection_msgs/include/pal_detection_msgs/PersonDetections.h, /home/cristian/tiago_dual_public_ws/devel/include/pal_detection_msgs/PersonDetections.h)
Linked: (/home/cristian/tiago_dual_public_ws/devel/.private/pal_detection_msgs/include/pal_detection_msgs/RecognizerRequest.h, /home/cristian/tiago_dual_public_ws/devel/include/pal_detection_msgs/RecognizerRequest.h)
Linked: (/home/cristian/tiago_dual_public_ws/devel/.private/pal_detection_msgs/include/pal_detection_msgs/FaceDetection.h, /home/cristian/tiago_dual_public_ws/devel/include/pal_detection_msgs/FaceDetection.h)
Linked: (/home/cristian/tiago_dual_public_ws/devel/.private/pal_detection_msgs/include/pal_detection_msgs/SelectTexturedObjectResponse.h, /home/cristian/tiago_dual_public_ws/devel/include/pal_detection_msgs/SelectTexturedObjectResponse.h)
Linked: (/home/cristian/tiago_dual_public_ws/devel/.private/pal_detection_msgs/include/pal_detection_msgs/RecognizedObject.h, /home/cristian/tiago_dual_public_ws/devel/include/pal_detection_msgs/RecognizedObject.h)
Linked: (/home/cristian/tiago_dual_public_ws/devel/.private/pal_detection_msgs/include/pal_detection_msgs/SetDatabaseRequest.h, /home/cristian/tiago_dual_public_ws/devel/include/pal_detection_msgs/SetDatabaseRequest.h)
Linked: (/home/cristian/tiago_dual_public_ws/devel/.private/pal_detection_msgs/include/pal_detection_msgs/AddTexturedObjectResponse.h, /home/cristian/tiago_dual_public_ws/devel/include/pal_detection_msgs/AddTexturedObjectResponse.h)
Linked: (/home/cristian/tiago_dual_public_ws/devel/.private/pal_detection_msgs/include/pal_detection_msgs/SelectTexturedObjectRequest.h, /home/cristian/tiago_dual_public_ws/devel/include/pal_detection_msgs/SelectTexturedObjectRequest.h)
Linked: (/home/cristian/tiago_dual_public_ws/devel/.private/pal_detection_msgs/include/pal_detection_msgs/RecognizeObjectsFeedback.h, /home/cristian/tiago_dual_public_ws/devel/include/pal_detection_msgs/RecognizeObjectsFeedback.h)
Linked: (/home/cristian/tiago_dual_public_ws/devel/.private/pal_detection_msgs/include/pal_detection_msgs/ChangeObjectRecognizerModelRequest.h, /home/cristian/tiago_dual_public_ws/devel/include/pal_detection_msgs/ChangeObjectRecognizerModelRequest.h)
Linked: (/home/cristian/tiago_dual_public_ws/devel/.private/pal_detection_msgs/include/pal_detection_msgs/WaveDetection.h, /home/cristian/tiago_dual_public_ws/devel/include/pal_detection_msgs/WaveDetection.h)
Linked: (/home/cristian/tiago_dual_public_ws/devel/.private/pal_detection_msgs/include/pal_detection_msgs/SelectTexturedObject.h, /home/cristian/tiago_dual_public_ws/devel/include/pal_detection_msgs/SelectTexturedObject.h)
Linked: (/home/cristian/tiago_dual_public_ws/devel/.private/pal_detection_msgs/include/pal_detection_msgs/TexturedObjectDetection.h, /home/cristian/tiago_dual_public_ws/devel/include/pal_detection_msgs/TexturedObjectDetection.h)
Linked: (/home/cristian/tiago_dual_public_ws/devel/.private/pal_detection_msgs/include/pal_detection_msgs/PersonDetection.h, /home/cristian/tiago_dual_public_ws/devel/include/pal_detection_msgs/PersonDetection.h)
Linked: (/home/cristian/tiago_dual_public_ws/devel/.private/pal_detection_msgs/include/pal_detection_msgs/StopEnrollment.h, /home/cristian/tiago_dual_public_ws/devel/include/pal_detection_msgs/StopEnrollment.h)
Linked: (/home/cristian/tiago_dual_public_ws/devel/.private/pal_detection_msgs/include/pal_detection_msgs/RecognizeObjectsResult.h, /home/cristian/tiago_dual_public_ws/devel/include/pal_detection_msgs/RecognizeObjectsResult.h)
Linked: (/home/cristian/tiago_dual_public_ws/devel/.private/pal_detection_msgs/include/pal_detection_msgs/SetDatabaseResponse.h, /home/cristian/tiago_dual_public_ws/devel/include/pal_detection_msgs/SetDatabaseResponse.h)
Linked: (/home/cristian/tiago_dual_public_ws/devel/.private/pal_detection_msgs/include/pal_detection_msgs/StartEnrollment.h, /home/cristian/tiago_dual_public_ws/devel/include/pal_detection_msgs/StartEnrollment.h)
Linked: (/home/cristian/tiago_dual_public_ws/devel/.private/pal_detection_msgs/include/pal_detection_msgs/AddTexturedObjectRequest.h, /home/cristian/tiago_dual_public_ws/devel/include/pal_detection_msgs/AddTexturedObjectRequest.h)
Linked: (/home/cristian/tiago_dual_public_ws/devel/.private/pal_detection_msgs/include/pal_detection_msgs/StartEnrollmentResponse.h, /home/cristian/tiago_dual_public_ws/devel/include/pal_detection_msgs/StartEnrollmentResponse.h)
Linked: (/home/cristian/tiago_dual_public_ws/devel/.private/pal_detection_msgs/include/pal_detection_msgs/FaceDetections.h, /home/cristian/tiago_dual_public_ws/devel/include/pal_detection_msgs/FaceDetections.h)
Linked: (/home/cristian/tiago_dual_public_ws/devel/.private/pal_detection_msgs/include/pal_detection_msgs/SetDatabase.h, /home/cristian/tiago_dual_public_ws/devel/include/pal_detection_msgs/SetDatabase.h)
Linked: (/home/cristian/tiago_dual_public_ws/devel/.private/pal_detection_msgs/include/pal_detection_msgs/StopEnrollmentRequest.h, /home/cristian/tiago_dual_public_ws/devel/include/pal_detection_msgs/StopEnrollmentRequest.h)
Linked: (/home/cristian/tiago_dual_public_ws/devel/.private/pal_detection_msgs/include/pal_detection_msgs/StartEnrollmentRequest.h, /home/cristian/tiago_dual_public_ws/devel/include/pal_detection_msgs/StartEnrollmentRequest.h)
Linked: (/home/cristian/tiago_dual_public_ws/devel/.private/pal_detection_msgs/include/pal_detection_msgs/RecognizeObjectsGoal.h, /home/cristian/tiago_dual_public_ws/devel/include/pal_detection_msgs/RecognizeObjectsGoal.h)
Linked: (/home/cristian/tiago_dual_public_ws/devel/.private/pal_detection_msgs/include/pal_detection_msgs/Detections2d.h, /home/cristian/tiago_dual_public_ws/devel/include/pal_detection_msgs/Detections2d.h)
Linked: (/home/cristian/tiago_dual_public_ws/devel/.private/pal_detection_msgs/include/pal_detection_msgs/Gesture.h, /home/cristian/tiago_dual_public_ws/devel/include/pal_detection_msgs/Gesture.h)
Linked: (/home/cristian/tiago_dual_public_ws/devel/.private/pal_detection_msgs/include/pal_detection_msgs/LegDetections.h, /home/cristian/tiago_dual_public_ws/devel/include/pal_detection_msgs/LegDetections.h)
Linked: (/home/cristian/tiago_dual_public_ws/devel/.private/pal_detection_msgs/include/pal_detection_msgs/AddTexturedObject.h, /home/cristian/tiago_dual_public_ws/devel/include/pal_detection_msgs/AddTexturedObject.h)
Linked: (/home/cristian/tiago_dual_public_ws/devel/.private/pal_detection_msgs/include/pal_detection_msgs/StopEnrollmentResponse.h, /home/cristian/tiago_dual_public_ws/devel/include/pal_detection_msgs/StopEnrollmentResponse.h)
Linked: (/home/cristian/tiago_dual_public_ws/devel/.private/pal_detection_msgs/include/pal_detection_msgs/ChangeObjectRecognizerModelResponse.h, /home/cristian/tiago_dual_public_ws/devel/include/pal_detection_msgs/ChangeObjectRecognizerModelResponse.h)
Linked: (/home/cristian/tiago_dual_public_ws/devel/.private/pal_detection_msgs/include/pal_detection_msgs/RecognizeObjectsAction.h, /home/cristian/tiago_dual_public_ws/devel/include/pal_detection_msgs/RecognizeObjectsAction.h)
Linked: (/home/cristian/tiago_dual_public_ws/devel/.private/pal_detection_msgs/lib/pkgconfig/pal_detection_msgs.pc, /home/cristian/tiago_dual_public_ws/devel/lib/pkgconfig/pal_detection_msgs.pc)
Linked: (/home/cristian/tiago_dual_public_ws/devel/.private/pal_detection_msgs/lib/python2.7/dist-packages/pal_detection_msgs/__init__.py, /home/cristian/tiago_dual_public_ws/devel/lib/python2.7/dist-packages/pal_detection_msgs/__init__.py)
Linked: (/home/cristian/tiago_dual_public_ws/devel/.private/pal_detection_msgs/lib/python2.7/dist-packages/pal_detection_msgs/srv/_Recognizer.py, /home/cristian/tiago_dual_public_ws/devel/lib/python2.7/dist-packages/pal_detection_msgs/srv/_Recognizer.py)
Linked: (/home/cristian/tiago_dual_public_ws/devel/.private/pal_detection_msgs/lib/python2.7/dist-packages/pal_detection_msgs/srv/_SetDatabase.py, /home/cristian/tiago_dual_public_ws/devel/lib/python2.7/dist-packages/pal_detection_msgs/srv/_SetDatabase.py)
Linked: (/home/cristian/tiago_dual_public_ws/devel/.private/pal_detection_msgs/lib/python2.7/dist-packages/pal_detection_msgs/srv/_SelectTexturedObject.py, /home/cristian/tiago_dual_public_ws/devel/lib/python2.7/dist-packages/pal_detection_msgs/srv/_SelectTexturedObject.py)
Linked: (/home/cristian/tiago_dual_public_ws/devel/.private/pal_detection_msgs/lib/python2.7/dist-packages/pal_detection_msgs/srv/_ChangeObjectRecognizerModel.py, /home/cristian/tiago_dual_public_ws/devel/lib/python2.7/dist-packages/pal_detection_msgs/srv/_ChangeObjectRecognizerModel.py)
Linked: (/home/cristian/tiago_dual_public_ws/devel/.private/pal_detection_msgs/lib/python2.7/dist-packages/pal_detection_msgs/srv/__init__.py, /home/cristian/tiago_dual_public_ws/devel/lib/python2.7/dist-packages/pal_detection_msgs/srv/__init__.py)
Linked: (/home/cristian/tiago_dual_public_ws/devel/.private/pal_detection_msgs/lib/python2.7/dist-packages/pal_detection_msgs/srv/_StartEnrollment.py, /home/cristian/tiago_dual_public_ws/devel/lib/python2.7/dist-packages/pal_detection_msgs/srv/_StartEnrollment.py)
Linked: (/home/cristian/tiago_dual_public_ws/devel/.private/pal_detection_msgs/lib/python2.7/dist-packages/pal_detection_msgs/srv/_StopEnrollment.py, /home/cristian/tiago_dual_public_ws/devel/lib/python2.7/dist-packages/pal_detection_msgs/srv/_StopEnrollment.py)
Linked: (/home/cristian/tiago_dual_public_ws/devel/.private/pal_detection_msgs/lib/python2.7/dist-packages/pal_detection_msgs/srv/_AddTexturedObject.py, /home/cristian/tiago_dual_public_ws/devel/lib/python2.7/dist-packages/pal_detection_msgs/srv/_AddTexturedObject.py)
Linked: (/home/cristian/tiago_dual_public_ws/devel/.private/pal_detection_msgs/lib/python2.7/dist-packages/pal_detection_msgs/msg/_WaveDetection.py, /home/cristian/tiago_dual_public_ws/devel/lib/python2.7/dist-packages/pal_detection_msgs/msg/_WaveDetection.py)
Linked: (/home/cristian/tiago_dual_public_ws/devel/.private/pal_detection_msgs/lib/python2.7/dist-packages/pal_detection_msgs/msg/_PersonDetections.py, /home/cristian/tiago_dual_public_ws/devel/lib/python2.7/dist-packages/pal_detection_msgs/msg/_PersonDetections.py)
Linked: (/home/cristian/tiago_dual_public_ws/devel/.private/pal_detection_msgs/lib/python2.7/dist-packages/pal_detection_msgs/msg/_RecognizedObjectArray.py, /home/cristian/tiago_dual_public_ws/devel/lib/python2.7/dist-packages/pal_detection_msgs/msg/_RecognizedObjectArray.py)
Linked: (/home/cristian/tiago_dual_public_ws/devel/.private/pal_detection_msgs/lib/python2.7/dist-packages/pal_detection_msgs/msg/_Gesture.py, /home/cristian/tiago_dual_public_ws/devel/lib/python2.7/dist-packages/pal_detection_msgs/msg/_Gesture.py)
Linked: (/home/cristian/tiago_dual_public_ws/devel/.private/pal_detection_msgs/lib/python2.7/dist-packages/pal_detection_msgs/msg/_Detections2d.py, /home/cristian/tiago_dual_public_ws/devel/lib/python2.7/dist-packages/pal_detection_msgs/msg/_Detections2d.py)
Linked: (/home/cristian/tiago_dual_public_ws/devel/.private/pal_detection_msgs/lib/python2.7/dist-packages/pal_detection_msgs/msg/_RotatedDetection2d.py, /home/cristian/tiago_dual_public_ws/devel/lib/python2.7/dist-packages/pal_detection_msgs/msg/_RotatedDetection2d.py)
Linked: (/home/cristian/tiago_dual_public_ws/devel/.private/pal_detection_msgs/lib/python2.7/dist-packages/pal_detection_msgs/msg/_RecognizedObject.py, /home/cristian/tiago_dual_public_ws/devel/lib/python2.7/dist-packages/pal_detection_msgs/msg/_RecognizedObject.py)
Linked: (/home/cristian/tiago_dual_public_ws/devel/.private/pal_detection_msgs/lib/python2.7/dist-packages/pal_detection_msgs/msg/_RecognizeObjectsGoal.py, /home/cristian/tiago_dual_public_ws/devel/lib/python2.7/dist-packages/pal_detection_msgs/msg/_RecognizeObjectsGoal.py)
Linked: (/home/cristian/tiago_dual_public_ws/devel/.private/pal_detection_msgs/lib/python2.7/dist-packages/pal_detection_msgs/msg/_FaceDetections.py, /home/cristian/tiago_dual_public_ws/devel/lib/python2.7/dist-packages/pal_detection_msgs/msg/_FaceDetections.py)
Linked: (/home/cristian/tiago_dual_public_ws/devel/.private/pal_detection_msgs/lib/python2.7/dist-packages/pal_detection_msgs/msg/__init__.py, /home/cristian/tiago_dual_public_ws/devel/lib/python2.7/dist-packages/pal_detection_msgs/msg/__init__.py)
Linked: (/home/cristian/tiago_dual_public_ws/devel/.private/pal_detection_msgs/lib/python2.7/dist-packages/pal_detection_msgs/msg/_RecognizeObjectsAction.py, /home/cristian/tiago_dual_public_ws/devel/lib/python2.7/dist-packages/pal_detection_msgs/msg/_RecognizeObjectsAction.py)
Linked: (/home/cristian/tiago_dual_public_ws/devel/.private/pal_detection_msgs/lib/python2.7/dist-packages/pal_detection_msgs/msg/_RecognizeObjectsFeedback.py, /home/cristian/tiago_dual_public_ws/devel/lib/python2.7/dist-packages/pal_detection_msgs/msg/_RecognizeObjectsFeedback.py)
Linked: (/home/cristian/tiago_dual_public_ws/devel/.private/pal_detection_msgs/lib/python2.7/dist-packages/pal_detection_msgs/msg/_PersonDetection.py, /home/cristian/tiago_dual_public_ws/devel/lib/python2.7/dist-packages/pal_detection_msgs/msg/_PersonDetection.py)
Linked: (/home/cristian/tiago_dual_public_ws/devel/.private/pal_detection_msgs/lib/python2.7/dist-packages/pal_detection_msgs/msg/_LegDetections.py, /home/cristian/tiago_dual_public_ws/devel/lib/python2.7/dist-packages/pal_detection_msgs/msg/_LegDetections.py)
Linked: (/home/cristian/tiago_dual_public_ws/devel/.private/pal_detection_msgs/lib/python2.7/dist-packages/pal_detection_msgs/msg/_RecognizeObjectsActionGoal.py, /home/cristian/tiago_dual_public_ws/devel/lib/python2.7/dist-packages/pal_detection_msgs/msg/_RecognizeObjectsActionGoal.py)
Linked: (/home/cristian/tiago_dual_public_ws/devel/.private/pal_detection_msgs/lib/python2.7/dist-packages/pal_detection_msgs/msg/_FaceDetection.py, /home/cristian/tiago_dual_public_ws/devel/lib/python2.7/dist-packages/pal_detection_msgs/msg/_FaceDetection.py)
Linked: (/home/cristian/tiago_dual_public_ws/devel/.private/pal_detection_msgs/lib/python2.7/dist-packages/pal_detection_msgs/msg/_RecognizeObjectsResult.py, /home/cristian/tiago_dual_public_ws/devel/lib/python2.7/dist-packages/pal_detection_msgs/msg/_RecognizeObjectsResult.py)
Linked: (/home/cristian/tiago_dual_public_ws/devel/.private/pal_detection_msgs/lib/python2.7/dist-packages/pal_detection_msgs/msg/_RecognizeObjectsActionResult.py, /home/cristian/tiago_dual_public_ws/devel/lib/python2.7/dist-packages/pal_detection_msgs/msg/_RecognizeObjectsActionResult.py)
Linked: (/home/cristian/tiago_dual_public_ws/devel/.private/pal_detection_msgs/lib/python2.7/dist-packages/pal_detection_msgs/msg/_Detection2d.py, /home/cristian/tiago_dual_public_ws/devel/lib/python2.7/dist-packages/pal_detection_msgs/msg/_Detection2d.py)
Linked: (/home/cristian/tiago_dual_public_ws/devel/.private/pal_detection_msgs/lib/python2.7/dist-packages/pal_detection_msgs/msg/_TexturedObjectDetection.py, /home/cristian/tiago_dual_public_ws/devel/lib/python2.7/dist-packages/pal_detection_msgs/msg/_TexturedObjectDetection.py)
Linked: (/home/cristian/tiago_dual_public_ws/devel/.private/pal_detection_msgs/lib/python2.7/dist-packages/pal_detection_msgs/msg/_RecognizeObjectsActionFeedback.py, /home/cristian/tiago_dual_public_ws/devel/lib/python2.7/dist-packages/pal_detection_msgs/msg/_RecognizeObjectsActionFeedback.py)
Linked: (/home/cristian/tiago_dual_public_ws/devel/.private/pal_detection_msgs/lib/python2.7/dist-packages/pal_detection_msgs/msg/_RecognizedActions.py, /home/cristian/tiago_dual_public_ws/devel/lib/python2.7/dist-packages/pal_detection_msgs/msg/_RecognizedActions.py)
